Using pre-set license
Built from '2020.3/staging' branch; Version is '2020.3.13f1 (71691879b7f5) revision 7432472'; Using compiler version '192528614'; Build Type 'Release'
OS: 'Windows 10 Pro; OS build 19044.1766; Version 2009; 64bit' Language: 'ru' Physical Memory: 6091 MB
BatchMode: 1, IsHumanControllingUs: 0, StartBugReporterOnCrash: 0, Is64bit: 1, IsPro: 0

 COMMAND LINE ARGUMENTS:
C:\Program Files\Unity\Hub\Editor\2020.3.13f1\Editor\Unity.exe
-adb2
-batchMode
-noUpm
-name
AssetImportWorker0
-projectPath
C:/Users/user/Desktop/Programming/Lesson/O-ravva-Project/Revul
-logFile
Logs/AssetImportWorker0.log
-srvPort
58361
Successfully changed project path to: C:/Users/user/Desktop/Programming/Lesson/O-ravva-Project/Revul
C:/Users/user/Desktop/Programming/Lesson/O-ravva-Project/Revul
Using Asset Import Pipeline V2.
Refreshing native plugins compatible for Editor in 53.44 ms, found 2 plugins.
Preloading 0 native plugins for Editor in 0.00 ms.
Initialize engine version: 2020.3.13f1 (71691879b7f5)
[Subsystems] Discovering subsystems at path C:/Program Files/Unity/Hub/Editor/2020.3.13f1/Editor/Data/Resources/UnitySubsystems
[Subsystems] Discovering subsystems at path C:/Users/user/Desktop/Programming/Lesson/O-ravva-Project/Revul/Assets
GfxDevice: creating device client; threaded=0
Direct3D:
    Version:  Direct3D 11.0 [level 11.1]
    Renderer: AMD Radeon(TM) Vega 8 Graphics (ID=0x15d8)
    Vendor:   
    VRAM:     3045 MB
    Driver:   27.20.22002.2001
Initialize mono
Mono path[0] = 'C:/Program Files/Unity/Hub/Editor/2020.3.13f1/Editor/Data/Managed'
Mono path[1] = 'C:/Program Files/Unity/Hub/Editor/2020.3.13f1/Editor/Data/MonoBleedingEdge/lib/mono/unityjit'
Mono config path = 'C:/Program Files/Unity/Hub/Editor/2020.3.13f1/Editor/Data/MonoBleedingEdge/etc'
Using monoOptions --debugger-agent=transport=dt_socket,embedding=1,server=y,suspend=n,address=127.0.0.1:56392
Begin MonoManager ReloadAssembly
Registering precompiled unity dll's ...
Register platform support module: C:/Program Files/Unity/Hub/Editor/2020.3.13f1/Editor/Data/PlaybackEngines/WindowsStandaloneSupport/UnityEditor.WindowsStandalone.Extensions.dll
Registered in 0.002324 seconds.
Native extension for WindowsStandalone target not found
Refreshing native plugins compatible for Editor in 48.40 ms, found 2 plugins.
Preloading 0 native plugins for Editor in 0.00 ms.
Mono: successfully reloaded assembly
- Completed reload, in  1.618 seconds
Platform modules already initialized, skipping
Registering precompiled user dll's ...
Registered in 0.004893 seconds.
Begin MonoManager ReloadAssembly
Native extension for WindowsStandalone target not found
Refreshing native plugins compatible for Editor in 50.02 ms, found 2 plugins.
Preloading 0 native plugins for Editor in 0.00 ms.
Mono: successfully reloaded assembly
- Completed reload, in  1.577 seconds
Platform modules already initialized, skipping
========================================================================
Worker process is ready to serve import requests
Launched and connected shader compiler UnityShaderCompiler.exe after 0.07 seconds
Refreshing native plugins compatible for Editor in 0.85 ms, found 2 plugins.
Preloading 0 native plugins for Editor in 0.00 ms.
Unloading 1849 Unused Serialized files (Serialized files now loaded: 0)
System memory in use before: 82.6 MB.
System memory in use after: 82.7 MB.

Unloading 22 unused Assets to reduce memory usage. Loaded Objects now: 2287.
Total: 4.539600 ms (FindLiveObjects: 0.315500 ms CreateObjectMapping: 0.103400 ms MarkObjects: 3.968200 ms  DeleteObjects: 0.150600 ms)

AssetImportParameters requested are different than current active one (requested -> active):
  custom:framework-win-MediaFoundation: 216162199b28c13a410421893ffa2e32 -> 
  custom:video-decoder-ogg-theora: a1e56fd34408186e4bbccfd4996cb3dc -> 
  custom:container-muxer-webm: aa71ff27fc2769a1b78a27578f13a17b -> 
  custom:container-demuxer-webm: 4f35f7cbe854078d1ac9338744f61a02 -> 
  custom:container-demuxer-ogg: 62fdf1f143b41e24485cea50d1cbac27 -> 
  custom:video-encoder-webm-vp8: eb34c28f22e8b96e1ab97ce403110664 -> 
  custom:video-decoder-webm-vp8: 9c59270c3fd7afecdb556c50c9e8de78 -> 
  custom:audio-decoder-ogg-vorbis: bf7c407c2cedff20999df2af8eb42d56 -> 
  custom:audio-encoder-webm-vorbis: bf7c407c2cedff20999df2af8eb42d56 -> 
========================================================================
Received Import Request.
  path: Assets/BrokenVector/LowPolyFencePack/Materials/Brown Wood.mat
  artifactKey: Guid(1fc121be3f680634fbb8cab1fa2d47c8) Importer(815301076,1909f56bfc062723c751e8b465ee728b)
Start importing Assets/BrokenVector/LowPolyFencePack/Materials/Brown Wood.mat using Guid(1fc121be3f680634fbb8cab1fa2d47c8) Importer(815301076,1909f56bfc062723c751e8b465ee728b)  -> (artifact id: 'd9c0e9685432d2d68f264234ea081ff4') in 0.319049 seconds 
  Import took 0.323931 seconds .

========================================================================
Received Import Request.
  Time since last request: 0.000340 seconds.
  path: Assets/BrokenVector/LowPolyFencePack/Materials/Red Wood.mat
  artifactKey: Guid(6c7da534adf849442ab00c554ac221d1) Importer(815301076,1909f56bfc062723c751e8b465ee728b)
Start importing Assets/BrokenVector/LowPolyFencePack/Materials/Red Wood.mat using Guid(6c7da534adf849442ab00c554ac221d1) Importer(815301076,1909f56bfc062723c751e8b465ee728b)  -> (artifact id: '6491d12738b973d4e1640000371f27e7') in 0.025958 seconds 
  Import took 0.031118 seconds .

========================================================================
Received Import Request.
  Time since last request: 0.000393 seconds.
  path: Assets/BrokenVector/LowPolyFencePack/Materials
  artifactKey: Guid(12376baf0562e694b9d8a1be4b41840e) Importer(815301076,1909f56bfc062723c751e8b465ee728b)
Start importing Assets/BrokenVector/LowPolyFencePack/Materials using Guid(12376baf0562e694b9d8a1be4b41840e) Importer(815301076,1909f56bfc062723c751e8b465ee728b)  -> (artifact id: '5859271b0d4bdaf6839055a9b71a4536') in 0.004384 seconds 
  Import took 0.009289 seconds .

========================================================================
Received Import Request.
  Time since last request: 0.000402 seconds.
  path: Assets/BrokenVector/LowPolyFencePack
  artifactKey: Guid(4676b307259bbc947b4975643cad8fe3) Importer(815301076,1909f56bfc062723c751e8b465ee728b)
Start importing Assets/BrokenVector/LowPolyFencePack using Guid(4676b307259bbc947b4975643cad8fe3) Importer(815301076,1909f56bfc062723c751e8b465ee728b)  -> (artifact id: '558a7bdd97caec8333313cd6e864e8e7') in 0.011199 seconds 
  Import took 0.018590 seconds .

========================================================================
Received Import Request.
  Time since last request: 0.000570 seconds.
  path: Assets/BrokenVector/LowPolyFencePack/Materials/Yellow Wood.mat
  artifactKey: Guid(ec2b0ecd91bd412439a8bab0d5f8a62d) Importer(815301076,1909f56bfc062723c751e8b465ee728b)
Start importing Assets/BrokenVector/LowPolyFencePack/Materials/Yellow Wood.mat using Guid(ec2b0ecd91bd412439a8bab0d5f8a62d) Importer(815301076,1909f56bfc062723c751e8b465ee728b)  -> (artifact id: 'ef4c8d4d443f453df22e9c6b2e2f6a5c') in 0.026749 seconds 
  Import took 0.033289 seconds .

========================================================================
Received Import Request.
  Time since last request: 1.551168 seconds.
  path: Assets/BrokenVector/LowPolyFencePack/Models/Fence Type1 01.dae
  artifactKey: Guid(607fa0a0a8b6097479348b4480edc606) Importer(815301076,1909f56bfc062723c751e8b465ee728b)
Start importing Assets/BrokenVector/LowPolyFencePack/Models/Fence Type1 01.dae using Guid(607fa0a0a8b6097479348b4480edc606) Importer(815301076,1909f56bfc062723c751e8b465ee728b)  -> (artifact id: 'b92095f1fa8516d45a1f23245a98ca35') in 0.107546 seconds 
  Import took 0.112088 seconds .

========================================================================
Received Import Request.
  Time since last request: 0.000307 seconds.
  path: Assets/BrokenVector/LowPolyFencePack/Models/Fence Type2 01.dae
  artifactKey: Guid(836c223527ea5104ea614a4dc350d6f8) Importer(815301076,1909f56bfc062723c751e8b465ee728b)
Start importing Assets/BrokenVector/LowPolyFencePack/Models/Fence Type2 01.dae using Guid(836c223527ea5104ea614a4dc350d6f8) Importer(815301076,1909f56bfc062723c751e8b465ee728b)  -> (artifact id: '1d588326cc9aea8f5f141ba9303975cd') in 0.033909 seconds 
  Import took 0.039540 seconds .

========================================================================
Received Import Request.
  Time since last request: 0.000336 seconds.
  path: Assets/BrokenVector/LowPolyFencePack/Models/Fence Type3 Door.fbx
  artifactKey: Guid(d70931b351fe10a45a0bfc07fd362a1b) Importer(815301076,1909f56bfc062723c751e8b465ee728b)
Start importing Assets/BrokenVector/LowPolyFencePack/Models/Fence Type3 Door.fbx using Guid(d70931b351fe10a45a0bfc07fd362a1b) Importer(815301076,1909f56bfc062723c751e8b465ee728b)  -> (artifact id: '0583dcadc770271cf6bc107b6fc1c1d3') in 0.081089 seconds 
  Import took 0.084992 seconds .

========================================================================
Received Import Request.
  Time since last request: 0.000292 seconds.
  path: Assets/BrokenVector/LowPolyFencePack/Models/Fence Type3 02.dae
  artifactKey: Guid(35aff7f9767a6ee429d8bdf31328705f) Importer(815301076,1909f56bfc062723c751e8b465ee728b)
Start importing Assets/BrokenVector/LowPolyFencePack/Models/Fence Type3 02.dae using Guid(35aff7f9767a6ee429d8bdf31328705f) Importer(815301076,1909f56bfc062723c751e8b465ee728b)  -> (artifact id: '5d5f10ecbe5c8788d935a2381fc777ef') in 0.048559 seconds 
  Import took 0.053209 seconds .

========================================================================
Received Import Request.
  Time since last request: 0.000391 seconds.
  path: Assets/BrokenVector/LowPolyFencePack/Models/Fence Type2 Door.fbx
  artifactKey: Guid(919734941a900d24090f2925025373f2) Importer(815301076,1909f56bfc062723c751e8b465ee728b)
Start importing Assets/BrokenVector/LowPolyFencePack/Models/Fence Type2 Door.fbx using Guid(919734941a900d24090f2925025373f2) Importer(815301076,1909f56bfc062723c751e8b465ee728b)  -> (artifact id: '62b16e16d9b088bc536646f0cfdb6c8c') in 0.058082 seconds 
  Import took 0.063346 seconds .

========================================================================
Received Import Request.
  Time since last request: 0.000352 seconds.
  path: Assets/BrokenVector/LowPolyFencePack/Models/Fence Type2 03.dae
  artifactKey: Guid(d48bf2190ea9990478b126e5e2540a8d) Importer(815301076,1909f56bfc062723c751e8b465ee728b)
Start importing Assets/BrokenVector/LowPolyFencePack/Models/Fence Type2 03.dae using Guid(d48bf2190ea9990478b126e5e2540a8d) Importer(815301076,1909f56bfc062723c751e8b465ee728b)  -> (artifact id: '671ab83e70a0af7045b9c45c111ca4b9') in 0.029553 seconds 
  Import took 0.033617 seconds .

========================================================================
Received Import Request.
  Time since last request: 0.000291 seconds.
  path: Assets/BrokenVector/LowPolyFencePack/Models/Fence Type1 02.dae
  artifactKey: Guid(e004c3c6d0ca04944ad39f9de61d9606) Importer(815301076,1909f56bfc062723c751e8b465ee728b)
Start importing Assets/BrokenVector/LowPolyFencePack/Models/Fence Type1 02.dae using Guid(e004c3c6d0ca04944ad39f9de61d9606) Importer(815301076,1909f56bfc062723c751e8b465ee728b)  -> (artifact id: '66248b848dc99b43320e18f07d3a1ef6') in 0.029927 seconds 
  Import took 0.034903 seconds .

========================================================================
Received Import Request.
  Time since last request: 0.000383 seconds.
  path: Assets/BrokenVector/LowPolyFencePack/Models/Fence Type4 Big.dae
  artifactKey: Guid(73b1ed3ef1428a24787cba8b7d5ac6b1) Importer(815301076,1909f56bfc062723c751e8b465ee728b)
Start importing Assets/BrokenVector/LowPolyFencePack/Models/Fence Type4 Big.dae using Guid(73b1ed3ef1428a24787cba8b7d5ac6b1) Importer(815301076,1909f56bfc062723c751e8b465ee728b)  -> (artifact id: 'fa73967717c9ed1276c2f80e94fa3449') in 0.043490 seconds 
  Import took 0.048558 seconds .

========================================================================
Received Import Request.
  Time since last request: 0.000364 seconds.
  path: Assets/BrokenVector/LowPolyFencePack/Models/Fence Type6 Small.dae
  artifactKey: Guid(32ece367df421af48acad3f16120520c) Importer(815301076,1909f56bfc062723c751e8b465ee728b)
Start importing Assets/BrokenVector/LowPolyFencePack/Models/Fence Type6 Small.dae using Guid(32ece367df421af48acad3f16120520c) Importer(815301076,1909f56bfc062723c751e8b465ee728b)  -> (artifact id: '2f243dccd80f65dc2a4a09fb7a6b67d5') in 0.034953 seconds 
  Import took 0.040802 seconds .

========================================================================
Received Import Request.
  Time since last request: 0.000624 seconds.
  path: Assets/BrokenVector/LowPolyFencePack/Models/Fence Type1 Door.fbx
  artifactKey: Guid(3bd29fe4ed3569940ac7518a56a0adfe) Importer(815301076,1909f56bfc062723c751e8b465ee728b)
Start importing Assets/BrokenVector/LowPolyFencePack/Models/Fence Type1 Door.fbx using Guid(3bd29fe4ed3569940ac7518a56a0adfe) Importer(815301076,1909f56bfc062723c751e8b465ee728b)  -> (artifact id: '44e50d313693b1470d4069e425dc36da') in 0.049729 seconds 
  Import took 0.055439 seconds .

========================================================================
Received Import Request.
  Time since last request: 0.000396 seconds.
  path: Assets/BrokenVector/LowPolyFencePack/Models/Fence Type3 01.dae
  artifactKey: Guid(7e1ddd08b1b2c354a8ad951245480569) Importer(815301076,1909f56bfc062723c751e8b465ee728b)
Start importing Assets/BrokenVector/LowPolyFencePack/Models/Fence Type3 01.dae using Guid(7e1ddd08b1b2c354a8ad951245480569) Importer(815301076,1909f56bfc062723c751e8b465ee728b)  -> (artifact id: '3aee1d89af0454fc516af5d5ce297392') in 0.048207 seconds 
  Import took 0.053272 seconds .

========================================================================
Received Import Request.
  Time since last request: 0.000472 seconds.
  path: Assets/BrokenVector/LowPolyFencePack/Models/Fence Type2 02.dae
  artifactKey: Guid(e5af5116aa5f71b4fb5f5ffc3443447d) Importer(815301076,1909f56bfc062723c751e8b465ee728b)
Start importing Assets/BrokenVector/LowPolyFencePack/Models/Fence Type2 02.dae using Guid(e5af5116aa5f71b4fb5f5ffc3443447d) Importer(815301076,1909f56bfc062723c751e8b465ee728b)  -> (artifact id: 'cd2e1c645f50d6fccf992b403138b526') in 0.033859 seconds 
  Import took 0.040167 seconds .

========================================================================
Received Import Request.
  Time since last request: 0.000396 seconds.
  path: Assets/BrokenVector/LowPolyFencePack/Models/Fence Type5 Small.dae
  artifactKey: Guid(860b4a48bd6f3cf4b958a1d928e3c111) Importer(815301076,1909f56bfc062723c751e8b465ee728b)
Start importing Assets/BrokenVector/LowPolyFencePack/Models/Fence Type5 Small.dae using Guid(860b4a48bd6f3cf4b958a1d928e3c111) Importer(815301076,1909f56bfc062723c751e8b465ee728b)  -> (artifact id: 'c2a55dc1bc23550bc0831993a88c6ac6') in 0.038988 seconds 
  Import took 0.045083 seconds .

========================================================================
Received Import Request.
  Time since last request: 0.000386 seconds.
  path: Assets/BrokenVector/LowPolyFencePack/Models/Fence Type6 Big.dae
  artifactKey: Guid(528e1a5bd85e7dd4781f1fdd6a8cb01a) Importer(815301076,1909f56bfc062723c751e8b465ee728b)
Start importing Assets/BrokenVector/LowPolyFencePack/Models/Fence Type6 Big.dae using Guid(528e1a5bd85e7dd4781f1fdd6a8cb01a) Importer(815301076,1909f56bfc062723c751e8b465ee728b)  -> (artifact id: 'e6744c70b29d7c8385d131421db05439') in 0.040539 seconds 
  Import took 0.046412 seconds .

========================================================================
Received Import Request.
  Time since last request: 0.000407 seconds.
  path: Assets/BrokenVector/LowPolyFencePack/Models/Fence Type4 Small.dae
  artifactKey: Guid(6a52aea886ff71343a7b3ac3ec6dfd92) Importer(815301076,1909f56bfc062723c751e8b465ee728b)
Start importing Assets/BrokenVector/LowPolyFencePack/Models/Fence Type4 Small.dae using Guid(6a52aea886ff71343a7b3ac3ec6dfd92) Importer(815301076,1909f56bfc062723c751e8b465ee728b)  -> (artifact id: '69d186feddf34019d1d91ba63353e47f') in 0.032674 seconds 
  Import took 0.037492 seconds .

========================================================================
Received Import Request.
  Time since last request: 0.000320 seconds.
  path: Assets/BrokenVector/LowPolyFencePack/Models/Fence Type5 Big.dae
  artifactKey: Guid(1f40fa7399dd9aa4b93f77317682f7ed) Importer(815301076,1909f56bfc062723c751e8b465ee728b)
Start importing Assets/BrokenVector/LowPolyFencePack/Models/Fence Type5 Big.dae using Guid(1f40fa7399dd9aa4b93f77317682f7ed) Importer(815301076,1909f56bfc062723c751e8b465ee728b)  -> (artifact id: '90d1af595d6859543cb837b339c4034b') in 0.042925 seconds 
  Import took 0.047786 seconds .

========================================================================
Received Import Request.
  Time since last request: 0.031268 seconds.
  path: Assets/BrokenVector/LowPolyFencePack/Models/Fence Type5 Big.dae
  artifactKey: Guid(1f40fa7399dd9aa4b93f77317682f7ed) Importer(815301076,1909f56bfc062723c751e8b465ee728b)
Start importing Assets/BrokenVector/LowPolyFencePack/Models/Fence Type5 Big.dae using Guid(1f40fa7399dd9aa4b93f77317682f7ed) Importer(815301076,1909f56bfc062723c751e8b465ee728b)  -> (artifact id: '90d1af595d6859543cb837b339c4034b') in 0.032968 seconds 
  Import took 0.038255 seconds .

========================================================================
Received Import Request.
  Time since last request: 1.119699 seconds.
  path: Assets/BrokenVector/LowPolyFencePack/Prefabs/Fence Type1 01.prefab
  artifactKey: Guid(4cc487e002327cb43995ca1871bd142e) Importer(815301076,1909f56bfc062723c751e8b465ee728b)
Start importing Assets/BrokenVector/LowPolyFencePack/Prefabs/Fence Type1 01.prefab using Guid(4cc487e002327cb43995ca1871bd142e) Importer(815301076,1909f56bfc062723c751e8b465ee728b)  -> (artifact id: '190e645975590ee3f0d35c8e585a3162') in 0.020007 seconds 
  Import took 0.026495 seconds .

========================================================================
Received Import Request.
  Time since last request: 0.000344 seconds.
  path: Assets/BrokenVector/LowPolyFencePack/Prefabs/Fence Type5 Big.prefab
  artifactKey: Guid(6bea119038cba374387862a060db5358) Importer(815301076,1909f56bfc062723c751e8b465ee728b)
Start importing Assets/BrokenVector/LowPolyFencePack/Prefabs/Fence Type5 Big.prefab using Guid(6bea119038cba374387862a060db5358) Importer(815301076,1909f56bfc062723c751e8b465ee728b)  -> (artifact id: '579da7b66bf31ebfd27468f1f7906fb9') in 0.022949 seconds 
  Import took 0.027630 seconds .

========================================================================
Received Import Request.
  Time since last request: 0.000292 seconds.
  path: Assets/BrokenVector/LowPolyFencePack/Prefabs/Fence Type4 Big.prefab
  artifactKey: Guid(6c7e01809ee343847a660faeaa78d718) Importer(815301076,1909f56bfc062723c751e8b465ee728b)
Start importing Assets/BrokenVector/LowPolyFencePack/Prefabs/Fence Type4 Big.prefab using Guid(6c7e01809ee343847a660faeaa78d718) Importer(815301076,1909f56bfc062723c751e8b465ee728b)  -> (artifact id: 'db1e56bfa2e7029b288eaaae06fbbbb5') in 0.022446 seconds 
  Import took 0.028567 seconds .

========================================================================
Received Import Request.
  Time since last request: 0.000366 seconds.
  path: Assets/BrokenVector/LowPolyFencePack/Prefabs/Fence Type6 Small.prefab
  artifactKey: Guid(2d525f55a99e5bd4e98aec363e675a60) Importer(815301076,1909f56bfc062723c751e8b465ee728b)
Start importing Assets/BrokenVector/LowPolyFencePack/Prefabs/Fence Type6 Small.prefab using Guid(2d525f55a99e5bd4e98aec363e675a60) Importer(815301076,1909f56bfc062723c751e8b465ee728b)  -> (artifact id: 'd7037ad2cfa872f253b30522505c2ef9') in 0.035476 seconds 
  Import took 0.041141 seconds .

========================================================================
Received Import Request.
  Time since last request: 0.000317 seconds.
  path: Assets/BrokenVector/LowPolyFencePack/Prefabs/Fence Type2 02.prefab
  artifactKey: Guid(c107d6218da3747479b38075e3042255) Importer(815301076,1909f56bfc062723c751e8b465ee728b)
Start importing Assets/BrokenVector/LowPolyFencePack/Prefabs/Fence Type2 02.prefab using Guid(c107d6218da3747479b38075e3042255) Importer(815301076,1909f56bfc062723c751e8b465ee728b)  -> (artifact id: '61cd6c750fb2047afcfb05e12438aada') in 0.023368 seconds 
  Import took 0.028750 seconds .

========================================================================
Received Import Request.
  Time since last request: 0.000449 seconds.
  path: Assets/BrokenVector/LowPolyFencePack/Prefabs/Fence Type2 03.prefab
  artifactKey: Guid(ab5e0beb1c36778479983f28b65d97dd) Importer(815301076,1909f56bfc062723c751e8b465ee728b)
Start importing Assets/BrokenVector/LowPolyFencePack/Prefabs/Fence Type2 03.prefab using Guid(ab5e0beb1c36778479983f28b65d97dd) Importer(815301076,1909f56bfc062723c751e8b465ee728b)  -> (artifact id: '313282b412b9c5dfac7ce2ee96f84b58') in 0.020409 seconds 
  Import took 0.025941 seconds .

========================================================================
Received Import Request.
  Time since last request: 0.000302 seconds.
  path: Assets/BrokenVector/LowPolyFencePack/Prefabs/Fence Type2 01.prefab
  artifactKey: Guid(b10237067370545479ead9bdac817d9c) Importer(815301076,1909f56bfc062723c751e8b465ee728b)
Start importing Assets/BrokenVector/LowPolyFencePack/Prefabs/Fence Type2 01.prefab using Guid(b10237067370545479ead9bdac817d9c) Importer(815301076,1909f56bfc062723c751e8b465ee728b)  -> (artifact id: '4cd16393be3efd5d6866abc2d78483e8') in 0.024560 seconds 
  Import took 0.029857 seconds .

========================================================================
Received Import Request.
  Time since last request: 0.000306 seconds.
  path: Assets/BrokenVector/LowPolyFencePack/Prefabs/Fence Type4 Small.prefab
  artifactKey: Guid(da8e893168526164591f81d60c0e06b1) Importer(815301076,1909f56bfc062723c751e8b465ee728b)
Start importing Assets/BrokenVector/LowPolyFencePack/Prefabs/Fence Type4 Small.prefab using Guid(da8e893168526164591f81d60c0e06b1) Importer(815301076,1909f56bfc062723c751e8b465ee728b)  -> (artifact id: '2a1a3a5cb05ee084ed8ad80558e41c1b') in 0.023272 seconds 
  Import took 0.027867 seconds .

========================================================================
Received Import Request.
  Time since last request: 0.000327 seconds.
  path: Assets/BrokenVector/LowPolyFencePack/Prefabs/Fence Type1 02.prefab
  artifactKey: Guid(d4f06407f06d8cf41b643015132cafca) Importer(815301076,1909f56bfc062723c751e8b465ee728b)
Start importing Assets/BrokenVector/LowPolyFencePack/Prefabs/Fence Type1 02.prefab using Guid(d4f06407f06d8cf41b643015132cafca) Importer(815301076,1909f56bfc062723c751e8b465ee728b)  -> (artifact id: 'd8b74cbbddaac9de1baef27657362b16') in 0.031846 seconds 
  Import took 0.037499 seconds .

========================================================================
Received Import Request.
  Time since last request: 0.000396 seconds.
  path: Assets/BrokenVector/LowPolyFencePack/Prefabs/Fence Type3 02.prefab
  artifactKey: Guid(49e86d56904ce434e84ead31c131cfbc) Importer(815301076,1909f56bfc062723c751e8b465ee728b)
Start importing Assets/BrokenVector/LowPolyFencePack/Prefabs/Fence Type3 02.prefab using Guid(49e86d56904ce434e84ead31c131cfbc) Importer(815301076,1909f56bfc062723c751e8b465ee728b)  -> (artifact id: '9a7979bef4b65fb47abc4483ac2d17d6') in 0.027783 seconds 
  Import took 0.033927 seconds .

========================================================================
Received Import Request.
  Time since last request: 0.000316 seconds.
  path: Assets/BrokenVector/LowPolyFencePack/Prefabs/Fence Type6 Big.prefab
  artifactKey: Guid(ac1f0ef7b8bec92458549c915b3114b7) Importer(815301076,1909f56bfc062723c751e8b465ee728b)
Start importing Assets/BrokenVector/LowPolyFencePack/Prefabs/Fence Type6 Big.prefab using Guid(ac1f0ef7b8bec92458549c915b3114b7) Importer(815301076,1909f56bfc062723c751e8b465ee728b)  -> (artifact id: 'e5ee7d74b892b172bca07b26dbdd94db') in 0.024482 seconds 
  Import took 0.030808 seconds .

========================================================================
Received Import Request.
  Time since last request: 0.000525 seconds.
  path: Assets/BrokenVector/LowPolyFencePack/Prefabs/Fence Type5 Small.prefab
  artifactKey: Guid(a14aa485a8d4afa46a5e7e72b745ad92) Importer(815301076,1909f56bfc062723c751e8b465ee728b)
Start importing Assets/BrokenVector/LowPolyFencePack/Prefabs/Fence Type5 Small.prefab using Guid(a14aa485a8d4afa46a5e7e72b745ad92) Importer(815301076,1909f56bfc062723c751e8b465ee728b)  -> (artifact id: 'bd0c254a1907dad66e680639cae04172') in 0.029969 seconds 
  Import took 0.036052 seconds .

========================================================================
Received Import Request.
  Time since last request: 0.000288 seconds.
  path: Assets/BrokenVector/LowPolyFencePack/Prefabs/Fence Type3 01.prefab
  artifactKey: Guid(ee17d9afd26027744b8c7d0cc0f25022) Importer(815301076,1909f56bfc062723c751e8b465ee728b)
Start importing Assets/BrokenVector/LowPolyFencePack/Prefabs/Fence Type3 01.prefab using Guid(ee17d9afd26027744b8c7d0cc0f25022) Importer(815301076,1909f56bfc062723c751e8b465ee728b)  -> (artifact id: '55568f09f90fc24f1467992e85858a07') in 0.024878 seconds 
  Import took 0.030816 seconds .

========================================================================
Received Import Request.
  Time since last request: 27.286838 seconds.
  path: Assets/Prefabs/Fence Type6 Small.prefab
  artifactKey: Guid(2d525f55a99e5bd4e98aec363e675a60) Importer(815301076,1909f56bfc062723c751e8b465ee728b)
Start importing Assets/Prefabs/Fence Type6 Small.prefab using Guid(2d525f55a99e5bd4e98aec363e675a60) Importer(815301076,1909f56bfc062723c751e8b465ee728b)  -> (artifact id: 'a37a0f3950c58cd749760546b58107b4') in 0.019635 seconds 
  Import took 0.024614 seconds .

========================================================================
Received Import Request.
  Time since last request: 15.547068 seconds.
  path: Assets/BrokenVector/LowPolyFencePack/Materials/Colorsheets
  artifactKey: Guid(0baf6734625f91946a003fdb562e561a) Importer(815301076,1909f56bfc062723c751e8b465ee728b)
Start importing Assets/BrokenVector/LowPolyFencePack/Materials/Colorsheets using Guid(0baf6734625f91946a003fdb562e561a) Importer(815301076,1909f56bfc062723c751e8b465ee728b)  -> (artifact id: '36c2e9fe20e57c6eb76bfb83971787d8') in 0.011326 seconds 
  Import took 0.016833 seconds .

========================================================================
Received Import Request.
  Time since last request: 0.085972 seconds.
  path: Assets/BrokenVector/LowPolyFencePack/Materials/Colorsheets/Colorsheet Wood Brown.png
  artifactKey: Guid(d63761f76a7a53b43b47dd37908310e3) Importer(815301076,1909f56bfc062723c751e8b465ee728b)
Start importing Assets/BrokenVector/LowPolyFencePack/Materials/Colorsheets/Colorsheet Wood Brown.png using Guid(d63761f76a7a53b43b47dd37908310e3) Importer(815301076,1909f56bfc062723c751e8b465ee728b)  -> (artifact id: '98578a06dc4787d537e6117c07393b5a') in 0.028348 seconds 
  Import took 0.034320 seconds .

========================================================================
Received Import Request.
  Time since last request: 0.000341 seconds.
  path: Assets/BrokenVector/LowPolyFencePack/Materials/Colorsheets/Colorsheet Wood Red.png
  artifactKey: Guid(ca19cfe9276d1af45a186e87e77f0d18) Importer(815301076,1909f56bfc062723c751e8b465ee728b)
Start importing Assets/BrokenVector/LowPolyFencePack/Materials/Colorsheets/Colorsheet Wood Red.png using Guid(ca19cfe9276d1af45a186e87e77f0d18) Importer(815301076,1909f56bfc062723c751e8b465ee728b)  -> (artifact id: 'b7172e7cd275df8db40eeef44e4783b3') in 0.020476 seconds 
  Import took 0.026103 seconds .

========================================================================
Received Import Request.
  Time since last request: 0.000412 seconds.
  path: Assets/BrokenVector/LowPolyFencePack/Materials/Colorsheets/Colorsheet Wood Yellow.png
  artifactKey: Guid(ab4f5d749d277bf4b97c8e86f257ee9c) Importer(815301076,1909f56bfc062723c751e8b465ee728b)
Start importing Assets/BrokenVector/LowPolyFencePack/Materials/Colorsheets/Colorsheet Wood Yellow.png using Guid(ab4f5d749d277bf4b97c8e86f257ee9c) Importer(815301076,1909f56bfc062723c751e8b465ee728b)  -> (artifact id: '6784983a0e725a75d25b4295c3bd020c') in 0.022313 seconds 
  Import took 0.027021 seconds .

========================================================================
Received Import Request.
  Time since last request: 3.010366 seconds.
  path: Assets/BrokenVector/LowPolyFencePack/Materials/Occlusion
  artifactKey: Guid(a8b12d8fd0985164bbd7cb4ba3060de7) Importer(815301076,1909f56bfc062723c751e8b465ee728b)
Start importing Assets/BrokenVector/LowPolyFencePack/Materials/Occlusion using Guid(a8b12d8fd0985164bbd7cb4ba3060de7) Importer(815301076,1909f56bfc062723c751e8b465ee728b)  -> (artifact id: '04977a45ac67483dc8a8779626e06b39') in 0.012316 seconds 
  Import took 0.016937 seconds .

========================================================================
Received Import Request.
  Time since last request: 0.060193 seconds.
  path: Assets/BrokenVector/LowPolyFencePack/Materials/Occlusion/Occlusion Wood.png
  artifactKey: Guid(e6b815121a9ab9042a015f0766222deb) Importer(815301076,1909f56bfc062723c751e8b465ee728b)
Start importing Assets/BrokenVector/LowPolyFencePack/Materials/Occlusion/Occlusion Wood.png using Guid(e6b815121a9ab9042a015f0766222deb) Importer(815301076,1909f56bfc062723c751e8b465ee728b)  -> (artifact id: '33417307c738f9298be53c6afbda5ef4') in 0.018752 seconds 
  Import took 0.024703 seconds .

========================================================================
Received Import Request.
  Time since last request: 12.047112 seconds.
  path: Assets/Materials/Brown Wood.mat
  artifactKey: Guid(1fc121be3f680634fbb8cab1fa2d47c8) Importer(815301076,1909f56bfc062723c751e8b465ee728b)
Start importing Assets/Materials/Brown Wood.mat using Guid(1fc121be3f680634fbb8cab1fa2d47c8) Importer(815301076,1909f56bfc062723c751e8b465ee728b)  -> (artifact id: 'cd6e792980bbcbc9f4884b821c315eff') in 0.023010 seconds 
  Import took 0.029108 seconds .

========================================================================
Received Import Request.
  Time since last request: 0.000398 seconds.
  path: Assets/Materials/Red Wood.mat
  artifactKey: Guid(6c7da534adf849442ab00c554ac221d1) Importer(815301076,1909f56bfc062723c751e8b465ee728b)
Start importing Assets/Materials/Red Wood.mat using Guid(6c7da534adf849442ab00c554ac221d1) Importer(815301076,1909f56bfc062723c751e8b465ee728b)  -> (artifact id: '92cead28746fd71c66c02c4f2a48ede7') in 0.020598 seconds 
  Import took 0.027081 seconds .

========================================================================
Received Import Request.
  Time since last request: 0.000487 seconds.
  path: Assets/Materials/Yellow Wood.mat
  artifactKey: Guid(ec2b0ecd91bd412439a8bab0d5f8a62d) Importer(815301076,1909f56bfc062723c751e8b465ee728b)
Start importing Assets/Materials/Yellow Wood.mat using Guid(ec2b0ecd91bd412439a8bab0d5f8a62d) Importer(815301076,1909f56bfc062723c751e8b465ee728b)  -> (artifact id: '57913ef2048b50f63148e7654e0f1519') in 0.027432 seconds 
  Import took 0.033846 seconds .

========================================================================
Received Import Request.
  Time since last request: 498.998682 seconds.
  path: Assets/Models/bigCupboard.blend
  artifactKey: Guid(5ebb8cde792557842b9048c74aeda4c5) Importer(815301076,1909f56bfc062723c751e8b465ee728b)
Start importing Assets/Models/bigCupboard.blend using Guid(5ebb8cde792557842b9048c74aeda4c5) Importer(815301076,1909f56bfc062723c751e8b465ee728b)  -> (artifact id: 'e1205bd485e8864b1b10f923b1e175d9') in 0.041591 seconds 
  Import took 0.046905 seconds .

========================================================================
Received Import Request.
  Time since last request: 0.000325 seconds.
  path: Assets/Models/telephone (2).blend
  artifactKey: Guid(91d477b8dd862f04ea59a576e8b3a531) Importer(815301076,1909f56bfc062723c751e8b465ee728b)
Start importing Assets/Models/telephone (2).blend using Guid(91d477b8dd862f04ea59a576e8b3a531) Importer(815301076,1909f56bfc062723c751e8b465ee728b)  -> (artifact id: '1b0c6ad56ed0636bb65eaa0b7f04e2be') in 0.154072 seconds 
  Import took 0.159270 seconds .

========================================================================
Received Import Request.
  Time since last request: 0.000300 seconds.
  path: Assets/Models/telegraph.blend
  artifactKey: Guid(7a9e194dc5c3ee64dab71288d90d137a) Importer(815301076,1909f56bfc062723c751e8b465ee728b)
Start importing Assets/Models/telegraph.blend using Guid(7a9e194dc5c3ee64dab71288d90d137a) Importer(815301076,1909f56bfc062723c751e8b465ee728b)  -> (artifact id: 'b749d809729f21721bff8820c631dae2') in 0.126853 seconds 
  Import took 0.131641 seconds .

========================================================================
Received Import Request.
  Time since last request: 0.000286 seconds.
  path: Assets/Models/pipe.blend
  artifactKey: Guid(ec614a2f30aa70945a2c64ec29d6c588) Importer(815301076,1909f56bfc062723c751e8b465ee728b)
Start importing Assets/Models/pipe.blend using Guid(ec614a2f30aa70945a2c64ec29d6c588) Importer(815301076,1909f56bfc062723c751e8b465ee728b)  -> (artifact id: 'ab0581f4fd8b44fa34622836bd4f45ed') in 0.032012 seconds 
  Import took 0.036320 seconds .

========================================================================
Received Import Request.
  Time since last request: 0.000431 seconds.
  path: Assets/Models/frame.blend
  artifactKey: Guid(ec85cffa24a1a474bb21f66938212657) Importer(815301076,1909f56bfc062723c751e8b465ee728b)
Start importing Assets/Models/frame.blend using Guid(ec85cffa24a1a474bb21f66938212657) Importer(815301076,1909f56bfc062723c751e8b465ee728b)  -> (artifact id: 'f4bcfb9ba8b5328560f22c1ca6042c34') in 0.071645 seconds 
  Import took 0.077037 seconds .

========================================================================
Received Import Request.
  Time since last request: 0.000450 seconds.
  path: Assets/Models/telegraph_with_roll.blend
  artifactKey: Guid(95a3f36b016a12147aa3401f250416d4) Importer(815301076,1909f56bfc062723c751e8b465ee728b)
Start importing Assets/Models/telegraph_with_roll.blend using Guid(95a3f36b016a12147aa3401f250416d4) Importer(815301076,1909f56bfc062723c751e8b465ee728b)  -> (artifact id: '00e0bde7b43062f9b8d333fb7d7a9cf1') in 0.111772 seconds 
  Import took 0.117075 seconds .

========================================================================
Received Import Request.
  Time since last request: 0.000310 seconds.
  path: Assets/Models/pipe — копия.blend
  artifactKey: Guid(bbc77ca1120d5074eb1c5db0f2883019) Importer(815301076,1909f56bfc062723c751e8b465ee728b)
Start importing Assets/Models/pipe — копия.blend using Guid(bbc77ca1120d5074eb1c5db0f2883019) Importer(815301076,1909f56bfc062723c751e8b465ee728b)  -> (artifact id: 'f320f9f6f42e7a09c02e7f5e4800a327') in 0.049334 seconds 
  Import took 0.053475 seconds .

========================================================================
Received Import Request.
  Time since last request: 657.074700 seconds.
  path: Assets/Prefabs/BigCupBoard.prefab
  artifactKey: Guid(bd9cad55eb72eb440b39c8dfcc306f9e) Importer(815301076,1909f56bfc062723c751e8b465ee728b)
Start importing Assets/Prefabs/BigCupBoard.prefab using Guid(bd9cad55eb72eb440b39c8dfcc306f9e) Importer(815301076,1909f56bfc062723c751e8b465ee728b)  -> (artifact id: '460f9c240b63b8ec120480aaf4b59a52') in 0.015013 seconds 
  Import took 0.020396 seconds .

========================================================================
Received Import Request.
  Time since last request: 0.001518 seconds.
  path: Assets/Prefabs/BigCupBoard.prefab
  artifactKey: Guid(bd9cad55eb72eb440b39c8dfcc306f9e) Importer(815301076,1909f56bfc062723c751e8b465ee728b)
Start importing Assets/Prefabs/BigCupBoard.prefab using Guid(bd9cad55eb72eb440b39c8dfcc306f9e) Importer(815301076,1909f56bfc062723c751e8b465ee728b)  -> (artifact id: '460f9c240b63b8ec120480aaf4b59a52') in 0.005926 seconds 
  Import took 0.010589 seconds .

========================================================================
Received Import Request.
  Time since last request: 5.401107 seconds.
  path: Assets/Prefabs/BigCupBoard.prefab
  artifactKey: Guid(bd9cad55eb72eb440b39c8dfcc306f9e) Importer(815301076,1909f56bfc062723c751e8b465ee728b)
Start importing Assets/Prefabs/BigCupBoard.prefab using Guid(bd9cad55eb72eb440b39c8dfcc306f9e) Importer(815301076,1909f56bfc062723c751e8b465ee728b)  -> (artifact id: '25be619e9fef984992d93ed55979965c') in 0.020386 seconds 
  Import took 0.026112 seconds .

========================================================================
Received Import Request.
  Time since last request: 30.455049 seconds.
  path: Assets/Prefabs/BigCupBoard.prefab
  artifactKey: Guid(bd9cad55eb72eb440b39c8dfcc306f9e) Importer(815301076,1909f56bfc062723c751e8b465ee728b)
Start importing Assets/Prefabs/BigCupBoard.prefab using Guid(bd9cad55eb72eb440b39c8dfcc306f9e) Importer(815301076,1909f56bfc062723c751e8b465ee728b)  -> (artifact id: 'df53df47d60215755337b25a4c156d5f') in 0.016941 seconds 
  Import took 0.022119 seconds .

========================================================================
Received Import Request.
  Time since last request: 0.002891 seconds.
  path: Assets/Prefabs/BigCupBoard.prefab
  artifactKey: Guid(bd9cad55eb72eb440b39c8dfcc306f9e) Importer(815301076,1909f56bfc062723c751e8b465ee728b)
Start importing Assets/Prefabs/BigCupBoard.prefab using Guid(bd9cad55eb72eb440b39c8dfcc306f9e) Importer(815301076,1909f56bfc062723c751e8b465ee728b)  -> (artifact id: 'df53df47d60215755337b25a4c156d5f') in 0.018581 seconds 
  Import took 0.025288 seconds .

========================================================================
Received Import Request.
  Time since last request: 207.088761 seconds.
  path: Assets/Prefabs/Pipe.prefab
  artifactKey: Guid(2b2b33f059a05014d9ea8d4e58d06066) Importer(815301076,1909f56bfc062723c751e8b465ee728b)
Start importing Assets/Prefabs/Pipe.prefab using Guid(2b2b33f059a05014d9ea8d4e58d06066) Importer(815301076,1909f56bfc062723c751e8b465ee728b)  -> (artifact id: 'cd9fd2d2b5374842e6b570be2f7e452a') in 0.015364 seconds 
  Import took 0.020662 seconds .

========================================================================
Received Import Request.
  Time since last request: 0.005129 seconds.
  path: Assets/Prefabs/Pipe.prefab
  artifactKey: Guid(2b2b33f059a05014d9ea8d4e58d06066) Importer(815301076,1909f56bfc062723c751e8b465ee728b)
Start importing Assets/Prefabs/Pipe.prefab using Guid(2b2b33f059a05014d9ea8d4e58d06066) Importer(815301076,1909f56bfc062723c751e8b465ee728b)  -> (artifact id: 'cd9fd2d2b5374842e6b570be2f7e452a') in 0.006848 seconds 
  Import took 0.011336 seconds .

========================================================================
Received Import Request.
  Time since last request: 5.019205 seconds.
  path: Assets/Prefabs/Pipe.prefab
  artifactKey: Guid(2b2b33f059a05014d9ea8d4e58d06066) Importer(815301076,1909f56bfc062723c751e8b465ee728b)
Start importing Assets/Prefabs/Pipe.prefab using Guid(2b2b33f059a05014d9ea8d4e58d06066) Importer(815301076,1909f56bfc062723c751e8b465ee728b)  -> (artifact id: 'efeb60681c8748782cb5a79e182728ca') in 0.028110 seconds 
  Import took 0.033828 seconds .

========================================================================
Received Import Request.
  Time since last request: 15.081392 seconds.
  path: Assets/Prefabs/TurnedPipe.prefab
  artifactKey: Guid(1ce82f4eac61f7c429b4610b21c1a4c7) Importer(815301076,1909f56bfc062723c751e8b465ee728b)
Start importing Assets/Prefabs/TurnedPipe.prefab using Guid(1ce82f4eac61f7c429b4610b21c1a4c7) Importer(815301076,1909f56bfc062723c751e8b465ee728b)  -> (artifact id: '347491c81f84bd0dc94a977791ccbb1a') in 0.015319 seconds 
  Import took 0.021111 seconds .

========================================================================
Received Import Request.
  Time since last request: 0.001837 seconds.
  path: Assets/Prefabs/TurnedPipe.prefab
  artifactKey: Guid(1ce82f4eac61f7c429b4610b21c1a4c7) Importer(815301076,1909f56bfc062723c751e8b465ee728b)
Start importing Assets/Prefabs/TurnedPipe.prefab using Guid(1ce82f4eac61f7c429b4610b21c1a4c7) Importer(815301076,1909f56bfc062723c751e8b465ee728b)  -> (artifact id: '347491c81f84bd0dc94a977791ccbb1a') in 0.006741 seconds 
  Import took 0.012359 seconds .

========================================================================
Received Import Request.
  Time since last request: 5.483855 seconds.
  path: Assets/Prefabs/TurnedPipe.prefab
  artifactKey: Guid(1ce82f4eac61f7c429b4610b21c1a4c7) Importer(815301076,1909f56bfc062723c751e8b465ee728b)
Start importing Assets/Prefabs/TurnedPipe.prefab using Guid(1ce82f4eac61f7c429b4610b21c1a4c7) Importer(815301076,1909f56bfc062723c751e8b465ee728b)  -> (artifact id: 'da18d1f1930a8064cb41648b77c1d16a') in 0.023439 seconds 
  Import took 0.028606 seconds .

========================================================================
Received Import Request.
  Time since last request: 47.812261 seconds.
  path: Assets/Models/roll.blend
  artifactKey: Guid(e4e8bf198ed2bd64cb0130f35d09a88a) Importer(815301076,1909f56bfc062723c751e8b465ee728b)
Start importing Assets/Models/roll.blend using Guid(e4e8bf198ed2bd64cb0130f35d09a88a) Importer(815301076,1909f56bfc062723c751e8b465ee728b)  -> (artifact id: 'c712be9a3af49074058c2b5397485310') in 0.051864 seconds 
  Import took 0.056790 seconds .

========================================================================
Received Import Request.
  Time since last request: 653.270811 seconds.
  path: Assets/Prefabs/TeleTAble.prefab
  artifactKey: Guid(fa0ab6b372af3cc458d9a906dd68c3ca) Importer(815301076,1909f56bfc062723c751e8b465ee728b)
Start importing Assets/Prefabs/TeleTAble.prefab using Guid(fa0ab6b372af3cc458d9a906dd68c3ca) Importer(815301076,1909f56bfc062723c751e8b465ee728b)  -> (artifact id: '7e6adffafeb63886c35cb82bd4afcb85') in 0.013232 seconds 
  Import took 0.018835 seconds .

========================================================================
Received Import Request.
  Time since last request: 0.004057 seconds.
  path: Assets/Prefabs/TeleTAble.prefab
  artifactKey: Guid(fa0ab6b372af3cc458d9a906dd68c3ca) Importer(815301076,1909f56bfc062723c751e8b465ee728b)
Start importing Assets/Prefabs/TeleTAble.prefab using Guid(fa0ab6b372af3cc458d9a906dd68c3ca) Importer(815301076,1909f56bfc062723c751e8b465ee728b)  -> (artifact id: '7e6adffafeb63886c35cb82bd4afcb85') in 0.006389 seconds 
  Import took 0.011064 seconds .

========================================================================
Received Import Request.
  Time since last request: 5.104578 seconds.
  path: Assets/Prefabs/TeleTAble.prefab
  artifactKey: Guid(fa0ab6b372af3cc458d9a906dd68c3ca) Importer(815301076,1909f56bfc062723c751e8b465ee728b)
Start importing Assets/Prefabs/TeleTAble.prefab using Guid(fa0ab6b372af3cc458d9a906dd68c3ca) Importer(815301076,1909f56bfc062723c751e8b465ee728b)  -> (artifact id: '1098dd9f060873390bdbb649c4f100c4') in 0.091812 seconds 
  Import took 0.096433 seconds .

========================================================================
Received Import Request.
  Time since last request: 23.789935 seconds.
  path: Assets/Prefabs/Telephone.prefab
  artifactKey: Guid(18eafb6644a6bec4db2f7387ac0a1f12) Importer(815301076,1909f56bfc062723c751e8b465ee728b)
Start importing Assets/Prefabs/Telephone.prefab using Guid(18eafb6644a6bec4db2f7387ac0a1f12) Importer(815301076,1909f56bfc062723c751e8b465ee728b)  -> (artifact id: 'b3827c78050fb3625d79f78d850acf13') in 0.014768 seconds 
  Import took 0.021825 seconds .

========================================================================
Received Import Request.
  Time since last request: 35.811178 seconds.
  path: Assets/Prefabs/Telephone.prefab
  artifactKey: Guid(18eafb6644a6bec4db2f7387ac0a1f12) Importer(815301076,1909f56bfc062723c751e8b465ee728b)
Start importing Assets/Prefabs/Telephone.prefab using Guid(18eafb6644a6bec4db2f7387ac0a1f12) Importer(815301076,1909f56bfc062723c751e8b465ee728b)  -> (artifact id: 'f355ea5b8cfea5c142ed64c20714f1d9') in 0.034516 seconds 
  Import took 0.039526 seconds .

========================================================================
Received Import Request.
  Time since last request: 48.555723 seconds.
  path: Assets/Prefabs/TelegraphRoll.prefab
  artifactKey: Guid(936a1fbfc46da31458afe24d299f6428) Importer(815301076,1909f56bfc062723c751e8b465ee728b)
Start importing Assets/Prefabs/TelegraphRoll.prefab using Guid(936a1fbfc46da31458afe24d299f6428) Importer(815301076,1909f56bfc062723c751e8b465ee728b)  -> (artifact id: 'e60187c6ef8af4a74c3d15833e06efbf') in 0.015363 seconds 
  Import took 0.020704 seconds .

========================================================================
Received Import Request.
  Time since last request: 0.001605 seconds.
  path: Assets/Prefabs/TelegraphRoll.prefab
  artifactKey: Guid(936a1fbfc46da31458afe24d299f6428) Importer(815301076,1909f56bfc062723c751e8b465ee728b)
Start importing Assets/Prefabs/TelegraphRoll.prefab using Guid(936a1fbfc46da31458afe24d299f6428) Importer(815301076,1909f56bfc062723c751e8b465ee728b)  -> (artifact id: 'e60187c6ef8af4a74c3d15833e06efbf') in 0.006080 seconds 
  Import took 0.010353 seconds .

========================================================================
Received Import Request.
  Time since last request: 4.760649 seconds.
  path: Assets/Prefabs/TelegraphRoll.prefab
  artifactKey: Guid(936a1fbfc46da31458afe24d299f6428) Importer(815301076,1909f56bfc062723c751e8b465ee728b)
Start importing Assets/Prefabs/TelegraphRoll.prefab using Guid(936a1fbfc46da31458afe24d299f6428) Importer(815301076,1909f56bfc062723c751e8b465ee728b)  -> (artifact id: '43aa055e57609f24d6ab8b4d021253e0') in 0.024242 seconds 
  Import took 0.029453 seconds .

========================================================================
Received Import Request.
  Time since last request: 18.156805 seconds.
  path: Assets/Prefabs/Telegraph.prefab
  artifactKey: Guid(dc1af3c03c697784583272470a54cf56) Importer(815301076,1909f56bfc062723c751e8b465ee728b)
Start importing Assets/Prefabs/Telegraph.prefab using Guid(dc1af3c03c697784583272470a54cf56) Importer(815301076,1909f56bfc062723c751e8b465ee728b)  -> (artifact id: 'be4a8e9c26005be02d43138f752ec8ef') in 0.015180 seconds 
  Import took 0.020533 seconds .

========================================================================
Received Import Request.
  Time since last request: 0.002048 seconds.
  path: Assets/Prefabs/Telegraph.prefab
  artifactKey: Guid(dc1af3c03c697784583272470a54cf56) Importer(815301076,1909f56bfc062723c751e8b465ee728b)
Start importing Assets/Prefabs/Telegraph.prefab using Guid(dc1af3c03c697784583272470a54cf56) Importer(815301076,1909f56bfc062723c751e8b465ee728b)  -> (artifact id: 'be4a8e9c26005be02d43138f752ec8ef') in 0.006646 seconds 
  Import took 0.012488 seconds .

========================================================================
Received Import Request.
  Time since last request: 5.964799 seconds.
  path: Assets/Prefabs/Telegraph.prefab
  artifactKey: Guid(dc1af3c03c697784583272470a54cf56) Importer(815301076,1909f56bfc062723c751e8b465ee728b)
Start importing Assets/Prefabs/Telegraph.prefab using Guid(dc1af3c03c697784583272470a54cf56) Importer(815301076,1909f56bfc062723c751e8b465ee728b)  -> (artifact id: 'bc84b0cd752d700b170d2f1fd796c735') in 0.024942 seconds 
  Import took 0.031388 seconds .

========================================================================
Received Import Request.
  Time since last request: 7.942665 seconds.
  path: Assets/Prefabs/Roll.prefab
  artifactKey: Guid(04ac165db3125d146b501b2c24064e72) Importer(815301076,1909f56bfc062723c751e8b465ee728b)
Start importing Assets/Prefabs/Roll.prefab using Guid(04ac165db3125d146b501b2c24064e72) Importer(815301076,1909f56bfc062723c751e8b465ee728b)  -> (artifact id: '73243a8ffb251ffb9906fbabe0eec42b') in 0.014039 seconds 
  Import took 0.019210 seconds .

========================================================================
Received Import Request.
  Time since last request: 0.002657 seconds.
  path: Assets/Prefabs/Roll.prefab
  artifactKey: Guid(04ac165db3125d146b501b2c24064e72) Importer(815301076,1909f56bfc062723c751e8b465ee728b)
Start importing Assets/Prefabs/Roll.prefab using Guid(04ac165db3125d146b501b2c24064e72) Importer(815301076,1909f56bfc062723c751e8b465ee728b)  -> (artifact id: '73243a8ffb251ffb9906fbabe0eec42b') in 0.006875 seconds 
  Import took 0.011305 seconds .

========================================================================
Received Import Request.
  Time since last request: 5.154839 seconds.
  path: Assets/Prefabs/Roll.prefab
  artifactKey: Guid(04ac165db3125d146b501b2c24064e72) Importer(815301076,1909f56bfc062723c751e8b465ee728b)
Start importing Assets/Prefabs/Roll.prefab using Guid(04ac165db3125d146b501b2c24064e72) Importer(815301076,1909f56bfc062723c751e8b465ee728b)  -> (artifact id: '5f7f5f3b329c1cbc5d0b8a0f1dd0d17e') in 0.018213 seconds 
  Import took 0.022895 seconds .

========================================================================
Received Import Request.
  Time since last request: 0.003259 seconds.
  path: Assets/Prefabs/Roll.prefab
  artifactKey: Guid(04ac165db3125d146b501b2c24064e72) Importer(815301076,1909f56bfc062723c751e8b465ee728b)
Start importing Assets/Prefabs/Roll.prefab using Guid(04ac165db3125d146b501b2c24064e72) Importer(815301076,1909f56bfc062723c751e8b465ee728b)  -> (artifact id: '5f7f5f3b329c1cbc5d0b8a0f1dd0d17e') in 0.015769 seconds 
  Import took 0.020566 seconds .

========================================================================
Received Import Request.
  Time since last request: 244.671013 seconds.
  path: Assets/Textures/1617401171_1-p-oboi-gustoi-les-1.jpg
  artifactKey: Guid(a9ff678647f37d642a3ea15e917be2f0) Importer(815301076,1909f56bfc062723c751e8b465ee728b)
Start importing Assets/Textures/1617401171_1-p-oboi-gustoi-les-1.jpg using Guid(a9ff678647f37d642a3ea15e917be2f0) Importer(815301076,1909f56bfc062723c751e8b465ee728b)  -> (artifact id: 'e8e1acdaa54b49e997cbb781c0d87384') in 0.029608 seconds 
  Import took 0.035762 seconds .

========================================================================
Received Import Request.
  Time since last request: 4.541570 seconds.
  path: Assets/Textures/1637210373_75-na-dache-pro-p-utki-dikie-i-domashnie-foto-93.jpg
  artifactKey: Guid(99b68ea2fcd082a498a15f49e8ac9cdc) Importer(815301076,1909f56bfc062723c751e8b465ee728b)
Start importing Assets/Textures/1637210373_75-na-dache-pro-p-utki-dikie-i-domashnie-foto-93.jpg using Guid(99b68ea2fcd082a498a15f49e8ac9cdc) Importer(815301076,1909f56bfc062723c751e8b465ee728b)  -> (artifact id: 'f5c003b0339319287f43203a7c30251f') in 0.022464 seconds 
  Import took 0.027980 seconds .

========================================================================
Received Import Request.
  Time since last request: 4.520684 seconds.
  path: Assets/Textures/201408190045-more-u-ostrova-sulavesi-indoneziya-kashamalasha-com.jpg
  artifactKey: Guid(b10c19ce58191ca4faa0aa667d951337) Importer(815301076,1909f56bfc062723c751e8b465ee728b)
Start importing Assets/Textures/201408190045-more-u-ostrova-sulavesi-indoneziya-kashamalasha-com.jpg using Guid(b10c19ce58191ca4faa0aa667d951337) Importer(815301076,1909f56bfc062723c751e8b465ee728b)  -> (artifact id: '01ebf0b77e93e57a5f7356329f72a08b') in 0.021526 seconds 
  Import took 0.026262 seconds .

========================================================================
Received Import Request.
  Time since last request: 0.005657 seconds.
  path: Assets/Textures/201408190045-more-u-ostrova-sulavesi-indoneziya-kashamalasha-com.jpg
  artifactKey: Guid(b10c19ce58191ca4faa0aa667d951337) Importer(815301076,1909f56bfc062723c751e8b465ee728b)
Start importing Assets/Textures/201408190045-more-u-ostrova-sulavesi-indoneziya-kashamalasha-com.jpg using Guid(b10c19ce58191ca4faa0aa667d951337) Importer(815301076,1909f56bfc062723c751e8b465ee728b)  -> (artifact id: '01ebf0b77e93e57a5f7356329f72a08b') in 0.019031 seconds 
  Import took 0.024180 seconds .

========================================================================
Received Import Request.
  Time since last request: 4.692557 seconds.
  path: Assets/Textures/a9c370a355dbfab7254d0ff2df3fa77f.jpeg
  artifactKey: Guid(e40eb31d2664cb745ae9beb1fab00ccb) Importer(815301076,1909f56bfc062723c751e8b465ee728b)
Start importing Assets/Textures/a9c370a355dbfab7254d0ff2df3fa77f.jpeg using Guid(e40eb31d2664cb745ae9beb1fab00ccb) Importer(815301076,1909f56bfc062723c751e8b465ee728b)  -> (artifact id: '603138c0a86b65cf4228da3f081fe96f') in 0.026045 seconds 
  Import took 0.030944 seconds .

========================================================================
Received Import Request.
  Time since last request: 30.430067 seconds.
  path: Assets/Materials/Honey.mat
  artifactKey: Guid(f025ea3f0de37524cbf8e58c92c66ad2) Importer(815301076,1909f56bfc062723c751e8b465ee728b)
Start importing Assets/Materials/Honey.mat using Guid(f025ea3f0de37524cbf8e58c92c66ad2) Importer(815301076,1909f56bfc062723c751e8b465ee728b)  -> (artifact id: 'b07f7dd4b48d01eda44f195509529bff') in 0.032540 seconds 
  Import took 0.038068 seconds .

========================================================================
Received Import Request.
  Time since last request: 102.249944 seconds.
  path: Assets/Prefabs/FrameHoney.prefab
  artifactKey: Guid(d7581644a75d7ae44bb4fb459c643c16) Importer(815301076,1909f56bfc062723c751e8b465ee728b)
Start importing Assets/Prefabs/FrameHoney.prefab using Guid(d7581644a75d7ae44bb4fb459c643c16) Importer(815301076,1909f56bfc062723c751e8b465ee728b)  -> (artifact id: '83cd9fc7a3ce9fac824a51dbe1b1e25e') in 0.014199 seconds 
  Import took 0.020055 seconds .

========================================================================
Received Import Request.
  Time since last request: 0.003018 seconds.
  path: Assets/Prefabs/FrameHoney.prefab
  artifactKey: Guid(d7581644a75d7ae44bb4fb459c643c16) Importer(815301076,1909f56bfc062723c751e8b465ee728b)
Start importing Assets/Prefabs/FrameHoney.prefab using Guid(d7581644a75d7ae44bb4fb459c643c16) Importer(815301076,1909f56bfc062723c751e8b465ee728b)  -> (artifact id: '83cd9fc7a3ce9fac824a51dbe1b1e25e') in 0.007392 seconds 
  Import took 0.012230 seconds .

========================================================================
Received Import Request.
  Time since last request: 3.909803 seconds.
  path: Assets/Prefabs/FrameHoney.prefab
  artifactKey: Guid(d7581644a75d7ae44bb4fb459c643c16) Importer(815301076,1909f56bfc062723c751e8b465ee728b)
Start importing Assets/Prefabs/FrameHoney.prefab using Guid(d7581644a75d7ae44bb4fb459c643c16) Importer(815301076,1909f56bfc062723c751e8b465ee728b)  -> (artifact id: '96250a88025afeb1c52dd85d31cb1f78') in 0.033157 seconds 
  Import took 0.038899 seconds .

========================================================================
Received Import Request.
  Time since last request: 221.474780 seconds.
  path: Assets/Materials/Sea.mat
  artifactKey: Guid(b2aa26b35f4a12945ad0d2b0b945258f) Importer(815301076,1909f56bfc062723c751e8b465ee728b)
Start importing Assets/Materials/Sea.mat using Guid(b2aa26b35f4a12945ad0d2b0b945258f) Importer(815301076,1909f56bfc062723c751e8b465ee728b)  -> (artifact id: '40bc5d8ff8ea11c12bdb4f87e6d21897') in 0.021054 seconds 
  Import took 0.026807 seconds .

========================================================================
Received Import Request.
  Time since last request: 92.071745 seconds.
  path: Assets/Textures/201408190045-more-u-ostrova-sulavesi-indoneziya-kashamalasha-com.jpg
  artifactKey: Guid(b10c19ce58191ca4faa0aa667d951337) Importer(815301076,1909f56bfc062723c751e8b465ee728b)
Start importing Assets/Textures/201408190045-more-u-ostrova-sulavesi-indoneziya-kashamalasha-com.jpg using Guid(b10c19ce58191ca4faa0aa667d951337) Importer(815301076,1909f56bfc062723c751e8b465ee728b)  -> (artifact id: '77edc75925e791a4d2ce5ee6c4d7b6f7') in 0.035154 seconds 
  Import took 0.042400 seconds .

========================================================================
Received Import Request.
  Time since last request: 15.054744 seconds.
  path: Assets/Textures/1637210373_75-na-dache-pro-p-utki-dikie-i-domashnie-foto-93.jpg
  artifactKey: Guid(99b68ea2fcd082a498a15f49e8ac9cdc) Importer(815301076,1909f56bfc062723c751e8b465ee728b)
Start importing Assets/Textures/1637210373_75-na-dache-pro-p-utki-dikie-i-domashnie-foto-93.jpg using Guid(99b68ea2fcd082a498a15f49e8ac9cdc) Importer(815301076,1909f56bfc062723c751e8b465ee728b)  -> (artifact id: '32e09d1d3b869ee84b586778a1704116') in 0.034111 seconds 
  Import took 0.040040 seconds .

========================================================================
Received Import Request.
  Time since last request: 17.124945 seconds.
  path: Assets/Textures/1617401171_1-p-oboi-gustoi-les-1.jpg
  artifactKey: Guid(a9ff678647f37d642a3ea15e917be2f0) Importer(815301076,1909f56bfc062723c751e8b465ee728b)
Start importing Assets/Textures/1617401171_1-p-oboi-gustoi-les-1.jpg using Guid(a9ff678647f37d642a3ea15e917be2f0) Importer(815301076,1909f56bfc062723c751e8b465ee728b)  -> (artifact id: '358e3be6dad385c91072d6e28ceee1dd') in 0.022296 seconds 
  Import took 0.029563 seconds .

========================================================================
Received Import Request.
  Time since last request: 95.591046 seconds.
  path: Assets/Materials/Forest.mat
  artifactKey: Guid(18016a4db662646428a2ff5e0063b155) Importer(815301076,1909f56bfc062723c751e8b465ee728b)
Start importing Assets/Materials/Forest.mat using Guid(18016a4db662646428a2ff5e0063b155) Importer(815301076,1909f56bfc062723c751e8b465ee728b)  -> (artifact id: 'd1d940e6671fb81e3ec0caedc25774c3') in 0.024188 seconds 
  Import took 0.030107 seconds .

========================================================================
Received Import Request.
  Time since last request: 52.115726 seconds.
  path: Assets/Materials/Duck.mat
  artifactKey: Guid(5080aa3d794f6d74cb4b830c8230f27d) Importer(815301076,1909f56bfc062723c751e8b465ee728b)
Start importing Assets/Materials/Duck.mat using Guid(5080aa3d794f6d74cb4b830c8230f27d) Importer(815301076,1909f56bfc062723c751e8b465ee728b)  -> (artifact id: '22e252f0a279b412ec4473ddb7626b7f') in 0.025574 seconds 
  Import took 0.031164 seconds .

========================================================================
Received Import Request.
  Time since last request: 85.568502 seconds.
  path: Assets/Prefabs/FrameSea.prefab
  artifactKey: Guid(547745d3a0730e442a8d9ae127b303f8) Importer(815301076,1909f56bfc062723c751e8b465ee728b)
Start importing Assets/Prefabs/FrameSea.prefab using Guid(547745d3a0730e442a8d9ae127b303f8) Importer(815301076,1909f56bfc062723c751e8b465ee728b)  -> (artifact id: '3f2d25b0fe62a41c28bdc2f1cf0bc425') in 0.015081 seconds 
  Import took 0.021331 seconds .

========================================================================
Received Import Request.
  Time since last request: 8.459063 seconds.
  path: Assets/Prefabs/FrameSea.prefab
  artifactKey: Guid(547745d3a0730e442a8d9ae127b303f8) Importer(815301076,1909f56bfc062723c751e8b465ee728b)
Start importing Assets/Prefabs/FrameSea.prefab using Guid(547745d3a0730e442a8d9ae127b303f8) Importer(815301076,1909f56bfc062723c751e8b465ee728b)  -> (artifact id: '950ef931ed4926e442827c8147dde361') in 0.021299 seconds 
  Import took 0.026233 seconds .

========================================================================
Received Import Request.
  Time since last request: 0.002404 seconds.
  path: Assets/Prefabs/FrameSea.prefab
  artifactKey: Guid(547745d3a0730e442a8d9ae127b303f8) Importer(815301076,1909f56bfc062723c751e8b465ee728b)
Start importing Assets/Prefabs/FrameSea.prefab using Guid(547745d3a0730e442a8d9ae127b303f8) Importer(815301076,1909f56bfc062723c751e8b465ee728b)  -> (artifact id: '950ef931ed4926e442827c8147dde361') in 0.024504 seconds 
  Import took 0.029637 seconds .

========================================================================
Received Import Request.
  Time since last request: 18.208016 seconds.
  path: Assets/Prefabs/FrameForest.prefab
  artifactKey: Guid(511246025a2bf314cac2a7e94d1a8aa5) Importer(815301076,1909f56bfc062723c751e8b465ee728b)
Start importing Assets/Prefabs/FrameForest.prefab using Guid(511246025a2bf314cac2a7e94d1a8aa5) Importer(815301076,1909f56bfc062723c751e8b465ee728b)  -> (artifact id: 'e5e48e47a6e9a57be562195c64c5b283') in 0.013153 seconds 
  Import took 0.017870 seconds .

========================================================================
Received Import Request.
  Time since last request: 0.003675 seconds.
  path: Assets/Prefabs/FrameForest.prefab
  artifactKey: Guid(511246025a2bf314cac2a7e94d1a8aa5) Importer(815301076,1909f56bfc062723c751e8b465ee728b)
Start importing Assets/Prefabs/FrameForest.prefab using Guid(511246025a2bf314cac2a7e94d1a8aa5) Importer(815301076,1909f56bfc062723c751e8b465ee728b)  -> (artifact id: 'e5e48e47a6e9a57be562195c64c5b283') in 0.007114 seconds 
  Import took 0.012157 seconds .

========================================================================
Received Import Request.
  Time since last request: 8.046287 seconds.
  path: Assets/Prefabs/FrameForest.prefab
  artifactKey: Guid(511246025a2bf314cac2a7e94d1a8aa5) Importer(815301076,1909f56bfc062723c751e8b465ee728b)
Start importing Assets/Prefabs/FrameForest.prefab using Guid(511246025a2bf314cac2a7e94d1a8aa5) Importer(815301076,1909f56bfc062723c751e8b465ee728b)  -> (artifact id: 'c48f2b2d813d94a8ba2b639a1353456c') in 0.027938 seconds 
  Import took 0.033175 seconds .

========================================================================
Received Import Request.
  Time since last request: 14.234761 seconds.
  path: Assets/Prefabs/FrameDuck.prefab
  artifactKey: Guid(5a47affced9e98047b5868b12e1d2209) Importer(815301076,1909f56bfc062723c751e8b465ee728b)
Start importing Assets/Prefabs/FrameDuck.prefab using Guid(5a47affced9e98047b5868b12e1d2209) Importer(815301076,1909f56bfc062723c751e8b465ee728b)  -> (artifact id: '2bb7b50300fee16b8ee35a2501b4aa8a') in 0.013713 seconds 
  Import took 0.019306 seconds .

========================================================================
Received Import Request.
  Time since last request: 0.002090 seconds.
  path: Assets/Prefabs/FrameDuck.prefab
  artifactKey: Guid(5a47affced9e98047b5868b12e1d2209) Importer(815301076,1909f56bfc062723c751e8b465ee728b)
Start importing Assets/Prefabs/FrameDuck.prefab using Guid(5a47affced9e98047b5868b12e1d2209) Importer(815301076,1909f56bfc062723c751e8b465ee728b)  -> (artifact id: '2bb7b50300fee16b8ee35a2501b4aa8a') in 0.006566 seconds 
  Import took 0.011842 seconds .

========================================================================
Received Import Request.
  Time since last request: 9.492211 seconds.
  path: Assets/Prefabs/FrameDuck.prefab
  artifactKey: Guid(5a47affced9e98047b5868b12e1d2209) Importer(815301076,1909f56bfc062723c751e8b465ee728b)
Start importing Assets/Prefabs/FrameDuck.prefab using Guid(5a47affced9e98047b5868b12e1d2209) Importer(815301076,1909f56bfc062723c751e8b465ee728b)  -> (artifact id: '3f1ae3bc4d49304cc49923b11fe8d1e1') in 0.026102 seconds 
  Import took 0.031330 seconds .

========================================================================
Received Import Request.
  Time since last request: 186.942083 seconds.
  path: Assets/Models/wolf.blend
  artifactKey: Guid(bc9e05a4d9f39fb4b9cb28f9b9241fa8) Importer(815301076,1909f56bfc062723c751e8b465ee728b)
Start importing Assets/Models/wolf.blend using Guid(bc9e05a4d9f39fb4b9cb28f9b9241fa8) Importer(815301076,1909f56bfc062723c751e8b465ee728b)  -> (artifact id: 'df783b8631f045704f2121f680ff9502') in 0.099182 seconds 
  Import took 0.103642 seconds .

========================================================================
Received Import Request.
  Time since last request: 56.378552 seconds.
  path: Assets/Models/wolf.blend
  artifactKey: Guid(bc9e05a4d9f39fb4b9cb28f9b9241fa8) Importer(815301076,1909f56bfc062723c751e8b465ee728b)
Start importing Assets/Models/wolf.blend using Guid(bc9e05a4d9f39fb4b9cb28f9b9241fa8) Importer(815301076,1909f56bfc062723c751e8b465ee728b)  -> (artifact id: 'bdffe9703a917d802cf7e2915e6924b7') in 0.131462 seconds 
  Import took 0.138340 seconds .

========================================================================
Received Import Request.
  Time since last request: 426.569948 seconds.
  path: Assets/Prefabs/Wolf.prefab
  artifactKey: Guid(171745e8b4edaf44591fecebf4dc466f) Importer(815301076,1909f56bfc062723c751e8b465ee728b)
Start importing Assets/Prefabs/Wolf.prefab using Guid(171745e8b4edaf44591fecebf4dc466f) Importer(815301076,1909f56bfc062723c751e8b465ee728b)  -> (artifact id: 'cdbbad4203f012d1968603842e9bcc5d') in 0.062080 seconds 
  Import took 0.067853 seconds .

========================================================================
Received Import Request.
  Time since last request: 8.196807 seconds.
  path: Assets/Prefabs/rotationWolf.prefab
  artifactKey: Guid(354c797ab3c1d2e4489b1545eaa79db6) Importer(815301076,1909f56bfc062723c751e8b465ee728b)
Start importing Assets/Prefabs/rotationWolf.prefab using Guid(354c797ab3c1d2e4489b1545eaa79db6) Importer(815301076,1909f56bfc062723c751e8b465ee728b)  -> (artifact id: 'bc76f81e4b683ba69615b32d11e34562') in 0.042264 seconds 
  Import took 0.047638 seconds .

========================================================================
Received Import Request.
  Time since last request: 0.009631 seconds.
  path: Assets/Prefabs/rotationWolf.prefab
  artifactKey: Guid(354c797ab3c1d2e4489b1545eaa79db6) Importer(815301076,1909f56bfc062723c751e8b465ee728b)
Start importing Assets/Prefabs/rotationWolf.prefab using Guid(354c797ab3c1d2e4489b1545eaa79db6) Importer(815301076,1909f56bfc062723c751e8b465ee728b)  -> (artifact id: 'bc76f81e4b683ba69615b32d11e34562') in 0.041639 seconds 
  Import took 0.047010 seconds .

========================================================================
Received Import Request.
  Time since last request: 6.519253 seconds.
  path: Assets/Prefabs/rotationWolf.prefab
  artifactKey: Guid(354c797ab3c1d2e4489b1545eaa79db6) Importer(815301076,1909f56bfc062723c751e8b465ee728b)
Start importing Assets/Prefabs/rotationWolf.prefab using Guid(354c797ab3c1d2e4489b1545eaa79db6) Importer(815301076,1909f56bfc062723c751e8b465ee728b)  -> (artifact id: '1fab12c5f73b9bb73714c7297d29a4d5') in 0.007710 seconds 
  Import took 0.013458 seconds .

========================================================================
Received Import Request.
  Time since last request: 46.937392 seconds.
  path: Assets/Prefabs/rotationWolf.prefab
  artifactKey: Guid(354c797ab3c1d2e4489b1545eaa79db6) Importer(815301076,1909f56bfc062723c751e8b465ee728b)
Start importing Assets/Prefabs/rotationWolf.prefab using Guid(354c797ab3c1d2e4489b1545eaa79db6) Importer(815301076,1909f56bfc062723c751e8b465ee728b)  -> (artifact id: '4177d4ec84eb427c26833c5e50ad92a7') in 0.020502 seconds 
  Import took 0.025386 seconds .

========================================================================
Received Import Request.
  Time since last request: 0.006626 seconds.
  path: Assets/Prefabs/rotationWolf.prefab
  artifactKey: Guid(354c797ab3c1d2e4489b1545eaa79db6) Importer(815301076,1909f56bfc062723c751e8b465ee728b)
Start importing Assets/Prefabs/rotationWolf.prefab using Guid(354c797ab3c1d2e4489b1545eaa79db6) Importer(815301076,1909f56bfc062723c751e8b465ee728b)  -> (artifact id: '4177d4ec84eb427c26833c5e50ad92a7') in 0.022651 seconds 
  Import took 0.028004 seconds .

========================================================================
Received Import Request.
  Time since last request: 531.957444 seconds.
  path: Assets/Prefabs/RotationBear.prefab
  artifactKey: Guid(fca8cfbdfcbd6ba4689af9a0f704159a) Importer(815301076,1909f56bfc062723c751e8b465ee728b)
Start importing Assets/Prefabs/RotationBear.prefab using Guid(fca8cfbdfcbd6ba4689af9a0f704159a) Importer(815301076,1909f56bfc062723c751e8b465ee728b)  -> (artifact id: 'b3c60b42746b901354b214edb424088d') in 0.015997 seconds 
  Import took 0.023672 seconds .

========================================================================
Received Import Request.
  Time since last request: 4.424646 seconds.
  path: Assets/Prefabs/RotationBear.prefab
  artifactKey: Guid(fca8cfbdfcbd6ba4689af9a0f704159a) Importer(815301076,1909f56bfc062723c751e8b465ee728b)
Start importing Assets/Prefabs/RotationBear.prefab using Guid(fca8cfbdfcbd6ba4689af9a0f704159a) Importer(815301076,1909f56bfc062723c751e8b465ee728b)  -> (artifact id: 'd86a03a5f9032a07a7f9188c89f981bc') in 0.028363 seconds 
  Import took 0.033597 seconds .

========================================================================
Received Import Request.
  Time since last request: 0.001009 seconds.
  path: Assets/Prefabs/RotationBear.prefab
  artifactKey: Guid(fca8cfbdfcbd6ba4689af9a0f704159a) Importer(815301076,1909f56bfc062723c751e8b465ee728b)
Start importing Assets/Prefabs/RotationBear.prefab using Guid(fca8cfbdfcbd6ba4689af9a0f704159a) Importer(815301076,1909f56bfc062723c751e8b465ee728b)  -> (artifact id: 'd86a03a5f9032a07a7f9188c89f981bc') in 0.023024 seconds 
  Import took 0.028129 seconds .

========================================================================
Received Import Request.
  Time since last request: 25.534479 seconds.
  path: Assets/Prefabs/RAbbit.prefab
  artifactKey: Guid(4d6840ae06338a142a553206d226588a) Importer(815301076,1909f56bfc062723c751e8b465ee728b)
Start importing Assets/Prefabs/RAbbit.prefab using Guid(4d6840ae06338a142a553206d226588a) Importer(815301076,1909f56bfc062723c751e8b465ee728b)  -> (artifact id: 'a115b3f874ceb86ce82cd9f09cf758bb') in 0.014312 seconds 
  Import took 0.019863 seconds .

========================================================================
Received Import Request.
  Time since last request: 0.009952 seconds.
  path: Assets/Prefabs/RAbbit.prefab
  artifactKey: Guid(4d6840ae06338a142a553206d226588a) Importer(815301076,1909f56bfc062723c751e8b465ee728b)
Start importing Assets/Prefabs/RAbbit.prefab using Guid(4d6840ae06338a142a553206d226588a) Importer(815301076,1909f56bfc062723c751e8b465ee728b)  -> (artifact id: 'a115b3f874ceb86ce82cd9f09cf758bb') in 0.007141 seconds 
  Import took 0.012395 seconds .

========================================================================
Received Import Request.
  Time since last request: 5.017374 seconds.
  path: Assets/Prefabs/Rabbit.prefab
  artifactKey: Guid(4d6840ae06338a142a553206d226588a) Importer(815301076,1909f56bfc062723c751e8b465ee728b)
Start importing Assets/Prefabs/Rabbit.prefab using Guid(4d6840ae06338a142a553206d226588a) Importer(815301076,1909f56bfc062723c751e8b465ee728b)  -> (artifact id: '4e6ff3c578d27ca02dc65db1bda01560') in 0.012507 seconds 
  Import took 0.018685 seconds .

========================================================================
Received Import Request.
  Time since last request: 5.263053 seconds.
  path: Assets/Prefabs/Fox.prefab
  artifactKey: Guid(8a31d8677ee2a714fa276c6b732e0190) Importer(815301076,1909f56bfc062723c751e8b465ee728b)
Start importing Assets/Prefabs/Fox.prefab using Guid(8a31d8677ee2a714fa276c6b732e0190) Importer(815301076,1909f56bfc062723c751e8b465ee728b)  -> (artifact id: '8900bc51ea506746534e1b8556f82d24') in 0.013120 seconds 
  Import took 0.018051 seconds .

========================================================================
Received Import Request.
  Time since last request: 0.002843 seconds.
  path: Assets/Prefabs/Fox.prefab
  artifactKey: Guid(8a31d8677ee2a714fa276c6b732e0190) Importer(815301076,1909f56bfc062723c751e8b465ee728b)
Start importing Assets/Prefabs/Fox.prefab using Guid(8a31d8677ee2a714fa276c6b732e0190) Importer(815301076,1909f56bfc062723c751e8b465ee728b)  -> (artifact id: '8900bc51ea506746534e1b8556f82d24') in 0.007036 seconds 
  Import took 0.011590 seconds .

========================================================================
Received Import Request.
  Time since last request: 18.010688 seconds.
  path: Assets/Prefabs/RotationFox.prefab
  artifactKey: Guid(4b6f7a6c350b5e444a9a120391e31134) Importer(815301076,1909f56bfc062723c751e8b465ee728b)
Start importing Assets/Prefabs/RotationFox.prefab using Guid(4b6f7a6c350b5e444a9a120391e31134) Importer(815301076,1909f56bfc062723c751e8b465ee728b)  -> (artifact id: '7c588d2045496ef6d1c3612889fbb191') in 0.012563 seconds 
  Import took 0.017681 seconds .

========================================================================
Received Import Request.
  Time since last request: 0.005099 seconds.
  path: Assets/Prefabs/RotationFox.prefab
  artifactKey: Guid(4b6f7a6c350b5e444a9a120391e31134) Importer(815301076,1909f56bfc062723c751e8b465ee728b)
Start importing Assets/Prefabs/RotationFox.prefab using Guid(4b6f7a6c350b5e444a9a120391e31134) Importer(815301076,1909f56bfc062723c751e8b465ee728b)  -> (artifact id: '7c588d2045496ef6d1c3612889fbb191') in 0.007798 seconds 
  Import took 0.013129 seconds .

========================================================================
Received Import Request.
  Time since last request: 6.683372 seconds.
  path: Assets/Prefabs/RotationFox.prefab
  artifactKey: Guid(4b6f7a6c350b5e444a9a120391e31134) Importer(815301076,1909f56bfc062723c751e8b465ee728b)
Start importing Assets/Prefabs/RotationFox.prefab using Guid(4b6f7a6c350b5e444a9a120391e31134) Importer(815301076,1909f56bfc062723c751e8b465ee728b)  -> (artifact id: '3cdab15899a4d56680d96dd0c1cbe0cd') in 0.006644 seconds 
  Import took 0.012374 seconds .

========================================================================
Received Prepare
Registering precompiled user dll's ...
Registered in 0.009415 seconds.
Begin MonoManager ReloadAssembly
Native extension for WindowsStandalone target not found
Refreshing native plugins compatible for Editor in 0.61 ms, found 2 plugins.
Preloading 0 native plugins for Editor in 0.00 ms.
Mono: successfully reloaded assembly
- Completed reload, in  1.823 seconds
Platform modules already initialized, skipping
Refreshing native plugins compatible for Editor in 0.60 ms, found 2 plugins.
Preloading 0 native plugins for Editor in 0.00 ms.
Unloading 1843 Unused Serialized files (Serialized files now loaded: 0)
System memory in use before: 100.1 MB.
System memory in use after: 100.2 MB.

Unloading 16 unused Assets to reduce memory usage. Loaded Objects now: 2339.
Total: 3.600900 ms (FindLiveObjects: 0.288700 ms CreateObjectMapping: 0.056200 ms MarkObjects: 3.165100 ms  DeleteObjects: 0.088700 ms)

AssetImportParameters requested are different than current active one (requested -> active):
  custom:framework-win-MediaFoundation: 216162199b28c13a410421893ffa2e32 -> 
  custom:video-decoder-ogg-theora: a1e56fd34408186e4bbccfd4996cb3dc -> 
  custom:container-muxer-webm: aa71ff27fc2769a1b78a27578f13a17b -> 
  custom:container-demuxer-webm: 4f35f7cbe854078d1ac9338744f61a02 -> 
  custom:container-demuxer-ogg: 62fdf1f143b41e24485cea50d1cbac27 -> 
  custom:video-encoder-webm-vp8: eb34c28f22e8b96e1ab97ce403110664 -> 
  custom:video-decoder-webm-vp8: 9c59270c3fd7afecdb556c50c9e8de78 -> 
  custom:audio-decoder-ogg-vorbis: bf7c407c2cedff20999df2af8eb42d56 -> 
  custom:audio-encoder-webm-vorbis: bf7c407c2cedff20999df2af8eb42d56 -> 
========================================================================
Received Import Request.
  Time since last request: 84.510529 seconds.
  path: Assets/Prefabs/rotationWolf.prefab
  artifactKey: Guid(354c797ab3c1d2e4489b1545eaa79db6) Importer(815301076,1909f56bfc062723c751e8b465ee728b)
Start importing Assets/Prefabs/rotationWolf.prefab using Guid(354c797ab3c1d2e4489b1545eaa79db6) Importer(815301076,1909f56bfc062723c751e8b465ee728b)  -> (artifact id: 'deb4efac07d2e8ccd2bf92ca368aa242') in 0.093244 seconds 
  Import took 0.099002 seconds .

========================================================================
Received Import Request.
  Time since last request: 0.000261 seconds.
  path: Assets/Prefabs/RotationFox.prefab
  artifactKey: Guid(4b6f7a6c350b5e444a9a120391e31134) Importer(815301076,1909f56bfc062723c751e8b465ee728b)
Start importing Assets/Prefabs/RotationFox.prefab using Guid(4b6f7a6c350b5e444a9a120391e31134) Importer(815301076,1909f56bfc062723c751e8b465ee728b)  -> (artifact id: '1ceec0771337caa43909fa4ce91a299c') in 0.046946 seconds 
  Import took 0.052602 seconds .

========================================================================
Received Import Request.
  Time since last request: 0.000426 seconds.
  path: Assets/Prefabs/RotationBear.prefab
  artifactKey: Guid(fca8cfbdfcbd6ba4689af9a0f704159a) Importer(815301076,1909f56bfc062723c751e8b465ee728b)
Start importing Assets/Prefabs/RotationBear.prefab using Guid(fca8cfbdfcbd6ba4689af9a0f704159a) Importer(815301076,1909f56bfc062723c751e8b465ee728b)  -> (artifact id: '23a82cfd8545ade80550714ad27c1290') in 0.019747 seconds 
  Import took 0.024888 seconds .

========================================================================
Received Import Request.
  Time since last request: 13.982569 seconds.
  path: Assets/Prefabs/BarTable.mat
  artifactKey: Guid(5352024610021d948947939909417505) Importer(815301076,1909f56bfc062723c751e8b465ee728b)
Start importing Assets/Prefabs/BarTable.mat using Guid(5352024610021d948947939909417505) Importer(815301076,1909f56bfc062723c751e8b465ee728b)  -> (artifact id: '54dc3459576e36749cf2ff7457a761f9') in 0.041788 seconds 
  Import took 0.047153 seconds .

========================================================================
Received Import Request.
  Time since last request: 22.252900 seconds.
  path: Assets/Materials/New Flare.flare
  artifactKey: Guid(fd2260b917588eb40bed0ed5117dd2cb) Importer(815301076,1909f56bfc062723c751e8b465ee728b)
Start importing Assets/Materials/New Flare.flare using Guid(fd2260b917588eb40bed0ed5117dd2cb) Importer(815301076,1909f56bfc062723c751e8b465ee728b)  -> (artifact id: 'df5be42ffa0bff1b3ed24a6e84c3af73') in 0.015391 seconds 
  Import took 0.020204 seconds .

========================================================================
Received Import Request.
  Time since last request: 0.010235 seconds.
  path: Assets/Materials/New Flare.flare
  artifactKey: Guid(fd2260b917588eb40bed0ed5117dd2cb) Importer(815301076,1909f56bfc062723c751e8b465ee728b)
Start importing Assets/Materials/New Flare.flare using Guid(fd2260b917588eb40bed0ed5117dd2cb) Importer(815301076,1909f56bfc062723c751e8b465ee728b)  -> (artifact id: 'df5be42ffa0bff1b3ed24a6e84c3af73') in 0.004868 seconds 
  Import took 0.009651 seconds .

========================================================================
Received Import Request.
  Time since last request: 20.251223 seconds.
  path: Assets/Models/BarCupboard.blend1
  artifactKey: Guid(897f7e9b473ccb249bb82fd69db4c597) Importer(815301076,1909f56bfc062723c751e8b465ee728b)
Start importing Assets/Models/BarCupboard.blend1 using Guid(897f7e9b473ccb249bb82fd69db4c597) Importer(815301076,1909f56bfc062723c751e8b465ee728b)  -> (artifact id: 'f4b2075aa88d4f304e13e276570dd737') in 0.013603 seconds 
  Import took 0.019470 seconds .

========================================================================
Received Import Request.
  Time since last request: 1.704410 seconds.
  path: Assets/Models/Box.blend1
  artifactKey: Guid(811e6b9938adeb14ab71861aaaf6ac9f) Importer(815301076,1909f56bfc062723c751e8b465ee728b)
Start importing Assets/Models/Box.blend1 using Guid(811e6b9938adeb14ab71861aaaf6ac9f) Importer(815301076,1909f56bfc062723c751e8b465ee728b)  -> (artifact id: 'fa556e2fcc7928789d2ffbcb9449228d') in 0.010655 seconds 
  Import took 0.015527 seconds .

========================================================================
Received Import Request.
  Time since last request: 1.677210 seconds.
  path: Assets/Models/BoxLid.blend1
  artifactKey: Guid(7bebf1925868ab046aec7d81c1fad07f) Importer(815301076,1909f56bfc062723c751e8b465ee728b)
Start importing Assets/Models/BoxLid.blend1 using Guid(7bebf1925868ab046aec7d81c1fad07f) Importer(815301076,1909f56bfc062723c751e8b465ee728b)  -> (artifact id: '5e9dbac8865fca050316ca48863d2a00') in 0.012747 seconds 
  Import took 0.018413 seconds .

========================================================================
Received Import Request.
  Time since last request: 3.456171 seconds.
  path: Assets/Models/bush.blend1
  artifactKey: Guid(c406a2b5eab87934b963de6e68d213c7) Importer(815301076,1909f56bfc062723c751e8b465ee728b)
Start importing Assets/Models/bush.blend1 using Guid(c406a2b5eab87934b963de6e68d213c7) Importer(815301076,1909f56bfc062723c751e8b465ee728b)  -> (artifact id: '88c4d6f6b25f0b38a0cdb2c6b1cdc6ad') in 0.011070 seconds 
  Import took 0.016751 seconds .

========================================================================
Received Import Request.
  Time since last request: 1.659095 seconds.
  path: Assets/Models/bush2.blend1
  artifactKey: Guid(75078d7c732ca7441ab400c20477c2a1) Importer(815301076,1909f56bfc062723c751e8b465ee728b)
Start importing Assets/Models/bush2.blend1 using Guid(75078d7c732ca7441ab400c20477c2a1) Importer(815301076,1909f56bfc062723c751e8b465ee728b)  -> (artifact id: '78a16d72223f0beb011bd099144a4949') in 0.011409 seconds 
  Import took 0.015958 seconds .

========================================================================
Received Import Request.
  Time since last request: 2.493754 seconds.
  path: Assets/Models/darkWood.blend1
  artifactKey: Guid(c4e3d6bab9e7bc44d9b2d8bbd8587702) Importer(815301076,1909f56bfc062723c751e8b465ee728b)
Start importing Assets/Models/darkWood.blend1 using Guid(c4e3d6bab9e7bc44d9b2d8bbd8587702) Importer(815301076,1909f56bfc062723c751e8b465ee728b)  -> (artifact id: 'c17fa3d541f17b08704cfc05fb667ea6') in 0.005158 seconds 
  Import took 0.010446 seconds .

========================================================================
Received Import Request.
  Time since last request: 1.906280 seconds.
  path: Assets/Models/Rabbit.blend1
  artifactKey: Guid(45523b87e22fc804a871fc3d0851d71b) Importer(815301076,1909f56bfc062723c751e8b465ee728b)
Start importing Assets/Models/Rabbit.blend1 using Guid(45523b87e22fc804a871fc3d0851d71b) Importer(815301076,1909f56bfc062723c751e8b465ee728b)  -> (artifact id: '81d579aadaa752cfd9749ad148a39959') in 0.004371 seconds 
  Import took 0.009282 seconds .

========================================================================
Received Import Request.
  Time since last request: 2.104946 seconds.
  path: Assets/Models/tree2.blend1
  artifactKey: Guid(4f10b4534ae2c554d8fb27cbe1ead72b) Importer(815301076,1909f56bfc062723c751e8b465ee728b)
Start importing Assets/Models/tree2.blend1 using Guid(4f10b4534ae2c554d8fb27cbe1ead72b) Importer(815301076,1909f56bfc062723c751e8b465ee728b)  -> (artifact id: 'cc3706d3557dea471e4c28c706716116') in 0.010597 seconds 
  Import took 0.014837 seconds .

========================================================================
Received Import Request.
  Time since last request: 1.826140 seconds.
  path: Assets/Models/tree3.blend1
  artifactKey: Guid(c1f82a1588d64024dba02f2975fdf100) Importer(815301076,1909f56bfc062723c751e8b465ee728b)
Start importing Assets/Models/tree3.blend1 using Guid(c1f82a1588d64024dba02f2975fdf100) Importer(815301076,1909f56bfc062723c751e8b465ee728b)  -> (artifact id: '90dc2cdedcd7180b21d4c17f68bd6225') in 0.011263 seconds 
  Import took 0.017309 seconds .

========================================================================
Received Import Request.
  Time since last request: 2.039586 seconds.
  path: Assets/Models/wolf.blend1
  artifactKey: Guid(9e4965b878c29fc4fab57f371a5a976b) Importer(815301076,1909f56bfc062723c751e8b465ee728b)
Start importing Assets/Models/wolf.blend1 using Guid(9e4965b878c29fc4fab57f371a5a976b) Importer(815301076,1909f56bfc062723c751e8b465ee728b)  -> (artifact id: '621c9af5e6719964429067c64c4e42ae') in 0.006399 seconds 
  Import took 0.011383 seconds .

========================================================================
Received Import Request.
  Time since last request: 37.024240 seconds.
  path: Assets/Scenes/SampleScene.unity
  artifactKey: Guid(9fc0d4010bbf28b4594072e72b8655ab) Importer(815301076,1909f56bfc062723c751e8b465ee728b)
Start importing Assets/Scenes/SampleScene.unity using Guid(9fc0d4010bbf28b4594072e72b8655ab) Importer(815301076,1909f56bfc062723c751e8b465ee728b)  -> (artifact id: 'dcc088d1731b590f9572c6f2bab98c6a') in 0.012601 seconds 
  Import took 0.016525 seconds .

========================================================================
Received Prepare
Registering precompiled user dll's ...
Registered in 0.005641 seconds.
Begin MonoManager ReloadAssembly
Native extension for WindowsStandalone target not found
Refreshing native plugins compatible for Editor in 0.54 ms, found 2 plugins.
Preloading 0 native plugins for Editor in 0.00 ms.
Mono: successfully reloaded assembly
- Completed reload, in  1.533 seconds
Platform modules already initialized, skipping
Refreshing native plugins compatible for Editor in 0.71 ms, found 2 plugins.
Preloading 0 native plugins for Editor in 0.00 ms.
Unloading 1843 Unused Serialized files (Serialized files now loaded: 0)
System memory in use before: 100.2 MB.
System memory in use after: 100.3 MB.

Unloading 15 unused Assets to reduce memory usage. Loaded Objects now: 2343.
Total: 3.154200 ms (FindLiveObjects: 0.306000 ms CreateObjectMapping: 0.090000 ms MarkObjects: 2.669100 ms  DeleteObjects: 0.087200 ms)

AssetImportParameters requested are different than current active one (requested -> active):
  custom:framework-win-MediaFoundation: 216162199b28c13a410421893ffa2e32 -> 
  custom:video-decoder-ogg-theora: a1e56fd34408186e4bbccfd4996cb3dc -> 
  custom:container-muxer-webm: aa71ff27fc2769a1b78a27578f13a17b -> 
  custom:container-demuxer-webm: 4f35f7cbe854078d1ac9338744f61a02 -> 
  custom:container-demuxer-ogg: 62fdf1f143b41e24485cea50d1cbac27 -> 
  custom:video-encoder-webm-vp8: eb34c28f22e8b96e1ab97ce403110664 -> 
  custom:video-decoder-webm-vp8: 9c59270c3fd7afecdb556c50c9e8de78 -> 
  custom:audio-decoder-ogg-vorbis: bf7c407c2cedff20999df2af8eb42d56 -> 
  custom:audio-encoder-webm-vorbis: bf7c407c2cedff20999df2af8eb42d56 -> 
========================================================================
Received Import Request.
  Time since last request: 53.067879 seconds.
  path: Assets/Scenes
  artifactKey: Guid(927c580731744444aa136eed0104e8f5) Importer(815301076,1909f56bfc062723c751e8b465ee728b)
Start importing Assets/Scenes using Guid(927c580731744444aa136eed0104e8f5) Importer(815301076,1909f56bfc062723c751e8b465ee728b)  -> (artifact id: '50fd4514714352c43fb69b487e3feeda') in 0.016292 seconds 
  Import took 0.020726 seconds .

========================================================================
Received Import Request.
  Time since last request: 39.488662 seconds.
  path: Assets/Prefabs/RotationFox.prefab
  artifactKey: Guid(4b6f7a6c350b5e444a9a120391e31134) Importer(815301076,1909f56bfc062723c751e8b465ee728b)
Start importing Assets/Prefabs/RotationFox.prefab using Guid(4b6f7a6c350b5e444a9a120391e31134) Importer(815301076,1909f56bfc062723c751e8b465ee728b)  -> (artifact id: 'abba47d927a935acaeed7c68f2248c37') in 0.088290 seconds 
  Import took 0.092324 seconds .

========================================================================
Received Import Request.
  Time since last request: 12.312980 seconds.
  path: Assets/Prefabs/RotationRabbit.prefab
  artifactKey: Guid(98b179a78f2254d4d9dde7df47c23b7d) Importer(815301076,1909f56bfc062723c751e8b465ee728b)
Start importing Assets/Prefabs/RotationRabbit.prefab using Guid(98b179a78f2254d4d9dde7df47c23b7d) Importer(815301076,1909f56bfc062723c751e8b465ee728b)  -> (artifact id: '1fdba5da4e7d72c66ff1aadcd06ece28') in 0.014641 seconds 
  Import took 0.020253 seconds .

========================================================================
Received Import Request.
  Time since last request: 0.003521 seconds.
  path: Assets/Prefabs/RotationRabbit.prefab
  artifactKey: Guid(98b179a78f2254d4d9dde7df47c23b7d) Importer(815301076,1909f56bfc062723c751e8b465ee728b)
Start importing Assets/Prefabs/RotationRabbit.prefab using Guid(98b179a78f2254d4d9dde7df47c23b7d) Importer(815301076,1909f56bfc062723c751e8b465ee728b)  -> (artifact id: '1fdba5da4e7d72c66ff1aadcd06ece28') in 0.007290 seconds 
  Import took 0.012575 seconds .

========================================================================
Received Import Request.
  Time since last request: 4.452905 seconds.
  path: Assets/Prefabs/RotationRabbit.prefab
  artifactKey: Guid(98b179a78f2254d4d9dde7df47c23b7d) Importer(815301076,1909f56bfc062723c751e8b465ee728b)
Start importing Assets/Prefabs/RotationRabbit.prefab using Guid(98b179a78f2254d4d9dde7df47c23b7d) Importer(815301076,1909f56bfc062723c751e8b465ee728b)  -> (artifact id: '9af164a4be36f0694d2e21e9e2472c4c') in 0.027412 seconds 
  Import took 0.031811 seconds .

========================================================================
Received Import Request.
  Time since last request: 0.006468 seconds.
  path: Assets/Prefabs/RotationRabbit.prefab
  artifactKey: Guid(98b179a78f2254d4d9dde7df47c23b7d) Importer(815301076,1909f56bfc062723c751e8b465ee728b)
Start importing Assets/Prefabs/RotationRabbit.prefab using Guid(98b179a78f2254d4d9dde7df47c23b7d) Importer(815301076,1909f56bfc062723c751e8b465ee728b)  -> (artifact id: '9af164a4be36f0694d2e21e9e2472c4c') in 0.020348 seconds 
  Import took 0.025871 seconds .

========================================================================
Received Import Request.
  Time since last request: 15.655581 seconds.
  path: Assets/Prefabs/RotationWolf.prefab
  artifactKey: Guid(354c797ab3c1d2e4489b1545eaa79db6) Importer(815301076,1909f56bfc062723c751e8b465ee728b)
Start importing Assets/Prefabs/RotationWolf.prefab using Guid(354c797ab3c1d2e4489b1545eaa79db6) Importer(815301076,1909f56bfc062723c751e8b465ee728b)  -> (artifact id: '349a7599d456a6fbd783b2f7258d3040') in 0.031926 seconds 
  Import took 0.036965 seconds .

========================================================================
Received Import Request.
  Time since last request: 3.234438 seconds.
  path: Assets/Prefabs/RotationWolf.prefab
  artifactKey: Guid(354c797ab3c1d2e4489b1545eaa79db6) Importer(815301076,1909f56bfc062723c751e8b465ee728b)
Start importing Assets/Prefabs/RotationWolf.prefab using Guid(354c797ab3c1d2e4489b1545eaa79db6) Importer(815301076,1909f56bfc062723c751e8b465ee728b)  -> (artifact id: '78d0977a68e903e9b50c2f991b3a05fb') in 0.025768 seconds 
  Import took 0.031278 seconds .

AssetImportWorkerClient::OnTransportError - code=2 error=End of file
